{"/Volumes/Coding/Projects/Websites/mycommerce/frontend/mainsite/app/app.config.ts": {"path":"/Volumes/Coding/Projects/Websites/mycommerce/frontend/mainsite/app/app.config.ts","statementMap":{},"fnMap":{},"branchMap":{},"s":{},"f":{},"b":{},"meta":{"lastBranch":0,"lastFunction":0,"lastStatement":0,"seen":{}}}
,"/Volumes/Coding/Projects/Websites/mycommerce/frontend/mainsite/app/assets/css/main.css": {"path":"/Volumes/Coding/Projects/Websites/mycommerce/frontend/mainsite/app/assets/css/main.css","statementMap":{},"fnMap":{},"branchMap":{},"s":{},"f":{},"b":{},"meta":{"lastBranch":0,"lastFunction":0,"lastStatement":0,"seen":{}}}
,"/Volumes/Coding/Projects/Websites/mycommerce/frontend/mainsite/app/components/base/collection/Card.vue": {"path":"/Volumes/Coding/Projects/Websites/mycommerce/frontend/mainsite/app/components/base/collection/Card.vue","statementMap":{"0":{"start":{"line":2,"column":2},"end":{"line":2,"column":29}},"1":{"start":{"line":4,"column":12},"end":{"line":7,"column":102}}},"fnMap":{},"branchMap":{"0":{"loc":{"start":{"line":3,"column":4},"end":{"line":7,"column":102}},"type":"cond-expr","locations":[{"start":{"line":3,"column":144},"end":{"line":8,"column":null}},{"start":{"line":7,"column":4},"end":{"line":7,"column":102}}],"line":3}},"s":{"0":0,"1":0},"f":{},"b":{"0":[0,0]},"meta":{"lastBranch":1,"lastFunction":0,"lastStatement":2,"seen":{"s:2:2:2:29":0,"s:4:12:7:102":1,"b:3:144:8:Infinity:7:4:7:102":0}}}
,"/Volumes/Coding/Projects/Websites/mycommerce/frontend/mainsite/app/components/base/collection/CardContent.vue": {"path":"/Volumes/Coding/Projects/Websites/mycommerce/frontend/mainsite/app/components/base/collection/CardContent.vue","statementMap":{"0":{"start":{"line":2,"column":2},"end":{"line":2,"column":21}},"1":{"start":{"line":2,"column":25},"end":{"line":2,"column":79}},"2":{"start":{"line":2,"column":79},"end":{"line":6,"column":null}},"3":{"start":{"line":3,"column":20},"end":{"line":6,"column":null}}},"fnMap":{"0":{"name":"(anonymous_0)","decl":{"start":{"line":3,"column":20},"end":{"line":3,"column":42}},"loc":{"start":{"line":3,"column":20},"end":{"line":6,"column":null}},"line":3}},"branchMap":{"0":{"loc":{"start":{"line":2,"column":128},"end":{"line":2,"column":null}},"type":"cond-expr","locations":[{"start":{"line":2,"column":134},"end":{"line":2,"column":null}},{"start":{"line":2,"column":134},"end":{"line":2,"column":null}}],"line":2}},"s":{"0":0,"1":0,"2":0,"3":0},"f":{"0":0},"b":{"0":[0,0]},"meta":{"lastBranch":1,"lastFunction":1,"lastStatement":4,"seen":{"s:2:2:2:21":0,"s:2:25:2:79":1,"s:2:79:6:Infinity":2,"b:2:134:2:Infinity:2:134:2:Infinity":0,"f:3:20:3:42":0,"s:3:20:6:Infinity":3}}}
,"/Volumes/Coding/Projects/Websites/mycommerce/frontend/mainsite/app/components/volt/Skeleton.vue": {"path":"/Volumes/Coding/Projects/Websites/mycommerce/frontend/mainsite/app/components/volt/Skeleton.vue","statementMap":{"0":{"start":{"line":13,"column":6},"end":{"line":15,"column":null}},"1":{"start":{"line":2,"column":2},"end":{"line":2,"column":77}}},"fnMap":{},"branchMap":{},"s":{"0":0,"1":0},"f":{},"b":{},"meta":{"lastBranch":0,"lastFunction":0,"lastStatement":2,"seen":{"s:13:6:15:Infinity":0,"s:2:2:2:77":1}}}
,"/Volumes/Coding/Projects/Websites/mycommerce/frontend/mainsite/app/components/volt/utils.ts": {"path":"/Volumes/Coding/Projects/Websites/mycommerce/frontend/mainsite/app/components/volt/utils.ts","statementMap":{"0":{"start":{"line":4,"column":27},"end":{"line":9,"column":null}},"1":{"start":{"line":5,"column":48},"end":{"line":5,"column":null}},"2":{"start":{"line":6,"column":44},"end":{"line":6,"column":null}},"3":{"start":{"line":8,"column":2},"end":{"line":8,"column":null}}},"fnMap":{"0":{"name":"(anonymous_0)","decl":{"start":{"line":4,"column":27},"end":{"line":4,"column":28}},"loc":{"start":{"line":4,"column":155},"end":{"line":9,"column":null}},"line":4}},"branchMap":{"0":{"loc":{"start":{"line":4,"column":28},"end":{"line":4,"column":74}},"type":"default-arg","locations":[{"start":{"line":4,"column":44},"end":{"line":4,"column":74}}],"line":4},"1":{"loc":{"start":{"line":4,"column":74},"end":{"line":4,"column":118}},"type":"default-arg","locations":[{"start":{"line":4,"column":88},"end":{"line":4,"column":118}}],"line":4}},"s":{"0":6,"1":0,"2":0,"3":0},"f":{"0":0},"b":{"0":[0],"1":[0]},"meta":{"lastBranch":2,"lastFunction":1,"lastStatement":4,"seen":{"s:4:27:9:Infinity":0,"f:4:27:4:28":0,"b:4:44:4:74":0,"b:4:88:4:118":1,"s:5:48:5:Infinity":1,"s:6:44:6:Infinity":2,"s:8:2:8:Infinity":3}}}
,"/Volumes/Coding/Projects/Websites/mycommerce/frontend/mainsite/app/composables/index.ts": {"path":"/Volumes/Coding/Projects/Websites/mycommerce/frontend/mainsite/app/composables/index.ts","statementMap":{"0":{"start":{"line":2,"column":15},"end":{"line":4,"column":null}},"1":{"start":{"line":7,"column":4},"end":{"line":7,"column":null}},"2":{"start":{"line":10,"column":2},"end":{"line":10,"column":null}},"3":{"start":{"line":12,"column":2},"end":{"line":15,"column":null}}},"fnMap":{"0":{"name":"useForTesting","decl":{"start":{"line":1,"column":22},"end":{"line":1,"column":38}},"loc":{"start":{"line":1,"column":38},"end":{"line":16,"column":null}},"line":1},"1":{"name":"_test","decl":{"start":{"line":6,"column":11},"end":{"line":6,"column":19}},"loc":{"start":{"line":6,"column":19},"end":{"line":8,"column":null}},"line":6}},"branchMap":{},"s":{"0":1,"1":0,"2":1,"3":1},"f":{"0":1,"1":0},"b":{},"meta":{"lastBranch":0,"lastFunction":2,"lastStatement":4,"seen":{"f:1:22:1:38":0,"s:2:15:4:Infinity":0,"f:6:11:6:19":1,"s:7:4:7:Infinity":1,"s:10:2:10:Infinity":2,"s:12:2:15:Infinity":3}}}
,"/Volumes/Coding/Projects/Websites/mycommerce/frontend/mainsite/app/middleware/auth.global.ts": {"path":"/Volumes/Coding/Projects/Websites/mycommerce/frontend/mainsite/app/middleware/auth.global.ts","statementMap":{"0":{"start":{"line":7,"column":4},"end":{"line":7,"column":null}},"1":{"start":{"line":7,"column":28},"end":{"line":7,"column":null}},"2":{"start":{"line":9,"column":36},"end":{"line":9,"column":null}},"3":{"start":{"line":11,"column":4},"end":{"line":11,"column":null}},"4":{"start":{"line":22,"column":4},"end":{"line":22,"column":null}}},"fnMap":{"0":{"name":"(anonymous_0)","decl":{"start":{"line":6,"column":41},"end":{"line":6,"column":42}},"loc":{"start":{"line":6,"column":78},"end":{"line":23,"column":1}},"line":6}},"branchMap":{"0":{"loc":{"start":{"line":7,"column":4},"end":{"line":7,"column":null}},"type":"if","locations":[{"start":{"line":7,"column":4},"end":{"line":7,"column":null}},{"start":{},"end":{}}],"line":7}},"s":{"0":12,"1":0,"2":12,"3":12,"4":12},"f":{"0":12},"b":{"0":[0,12]},"meta":{"lastBranch":1,"lastFunction":1,"lastStatement":5,"seen":{"f:6:41:6:42":0,"b:7:4:7:Infinity:undefined:undefined:undefined:undefined":0,"s:7:4:7:Infinity":0,"s:7:28:7:Infinity":1,"s:9:36:9:Infinity":2,"s:11:4:11:Infinity":3,"s:22:4:22:Infinity":4}}}
,"/Volumes/Coding/Projects/Websites/mycommerce/frontend/mainsite/app/pages/complete-size-guide.vue": {"path":"/Volumes/Coding/Projects/Websites/mycommerce/frontend/mainsite/app/pages/complete-size-guide.vue","statementMap":{},"fnMap":{},"branchMap":{},"s":{},"f":{},"b":{},"meta":{"lastBranch":0,"lastFunction":0,"lastStatement":0,"seen":{}}}
,"/Volumes/Coding/Projects/Websites/mycommerce/frontend/mainsite/app/pages/conditions-generales.vue": {"path":"/Volumes/Coding/Projects/Websites/mycommerce/frontend/mainsite/app/pages/conditions-generales.vue","statementMap":{},"fnMap":{},"branchMap":{},"s":{},"f":{},"b":{},"meta":{"lastBranch":0,"lastFunction":0,"lastStatement":0,"seen":{}}}
,"/Volumes/Coding/Projects/Websites/mycommerce/frontend/mainsite/app/pages/confidentialite.vue": {"path":"/Volumes/Coding/Projects/Websites/mycommerce/frontend/mainsite/app/pages/confidentialite.vue","statementMap":{},"fnMap":{},"branchMap":{},"s":{},"f":{},"b":{},"meta":{"lastBranch":0,"lastFunction":0,"lastStatement":0,"seen":{}}}
,"/Volumes/Coding/Projects/Websites/mycommerce/frontend/mainsite/app/pages/guide.vue": {"path":"/Volumes/Coding/Projects/Websites/mycommerce/frontend/mainsite/app/pages/guide.vue","statementMap":{},"fnMap":{},"branchMap":{},"s":{},"f":{},"b":{},"meta":{"lastBranch":0,"lastFunction":0,"lastStatement":0,"seen":{}}}
,"/Volumes/Coding/Projects/Websites/mycommerce/frontend/mainsite/app/pages/index.vue": {"path":"/Volumes/Coding/Projects/Websites/mycommerce/frontend/mainsite/app/pages/index.vue","statementMap":{"0":{"start":{"line":30,"column":0},"end":{"line":30,"column":null}},"1":{"start":{"line":32,"column":92},"end":{"line":32,"column":null}},"2":{"start":{"line":34,"column":4},"end":{"line":34,"column":27}},"3":{"start":{"line":34,"column":27},"end":{"line":45,"column":null}},"4":{"start":{"line":42,"column":0},"end":{"line":42,"column":null}},"5":{"start":{"line":45,"column":2},"end":{"line":45,"column":null}},"6":{"start":{"line":46,"column":43},"end":{"line":59,"column":null}},"7":{"start":{"line":47,"column":72},"end":{"line":58,"column":null}},"8":{"start":{"line":49,"column":30},"end":{"line":54,"column":null}},"9":{"start":{"line":60,"column":42},"end":{"line":79,"column":null}},"10":{"start":{"line":61,"column":15},"end":{"line":78,"column":null}},"11":{"start":{"line":81,"column":0},"end":{"line":81,"column":null}},"12":{"start":{"line":81,"column":0},"end":{"line":93,"column":null}},"13":{"start":{"line":94,"column":15},"end":{"line":94,"column":null}},"14":{"start":{"line":23,"column":12},"end":{"line":23,"column":null}},"15":{"start":{"line":3,"column":4},"end":{"line":3,"column":null}},"16":{"start":{"line":10,"column":18},"end":{"line":16,"column":241}},"17":{"start":{"line":6,"column":8},"end":{"line":8,"column":13}},"18":{"start":{"line":19,"column":66},"end":{"line":15,"column":42}},"19":{"start":{"line":19,"column":56},"end":{"line":19,"column":66}},"20":{"start":{"line":15,"column":120},"end":{"line":16,"column":241}},"21":{"start":{"line":16,"column":129},"end":{"line":16,"column":241}}},"fnMap":{"0":{"name":"(anonymous_0)","decl":{"start":{"line":29,"column":0},"end":{"line":29,"column":null}},"loc":{"start":{"line":29,"column":0},"end":{"line":94,"column":null}},"line":29},"1":{"name":"(anonymous_1)","decl":{"start":{"line":34,"column":27},"end":{"line":34,"column":null}},"loc":{"start":{"line":34,"column":27},"end":{"line":45,"column":null}},"line":34},"2":{"name":"(anonymous_2)","decl":{"start":{"line":35,"column":2},"end":{"line":35,"column":null}},"loc":{"start":{"line":35,"column":2},"end":{"line":44,"column":null}},"line":35},"3":{"name":"(anonymous_3)","decl":{"start":{"line":49,"column":30},"end":{"line":49,"column":null}},"loc":{"start":{"line":49,"column":30},"end":{"line":54,"column":null}},"line":49},"4":{"name":"viewCollection","decl":{"start":{"line":59,"column":4},"end":{"line":59,"column":null}},"loc":{"start":{"line":59,"column":4},"end":{"line":81,"column":null}},"line":59},"5":{"name":"(anonymous_5)","decl":{"start":{"line":6,"column":8},"end":{"line":6,"column":84}},"loc":{"start":{"line":6,"column":8},"end":{"line":8,"column":13}},"line":6},"6":{"name":"(anonymous_6)","decl":{"start":{"line":19,"column":66},"end":{"line":19,"column":null}},"loc":{"start":{"line":19,"column":66},"end":{"line":15,"column":42}},"line":19},"7":{"name":"(anonymous_7)","decl":{"start":{"line":19,"column":46},"end":{"line":19,"column":56}},"loc":{"start":{"line":19,"column":46},"end":{"line":19,"column":66}},"line":19},"8":{"name":"(anonymous_8)","decl":{"start":{"line":15,"column":120},"end":{"line":15,"column":null}},"loc":{"start":{"line":15,"column":120},"end":{"line":16,"column":241}},"line":15},"9":{"name":"(anonymous_9)","decl":{"start":{"line":16,"column":110},"end":{"line":16,"column":129}},"loc":{"start":{"line":16,"column":110},"end":{"line":16,"column":241}},"line":16}},"branchMap":{"0":{"loc":{"start":{"line":46,"column":43},"end":{"line":59,"column":null}},"type":"if","locations":[{"start":{"line":46,"column":43},"end":{"line":59,"column":null}},{"start":{},"end":{}}],"line":46},"1":{"loc":{"start":{"line":60,"column":42},"end":{"line":79,"column":null}},"type":"if","locations":[{"start":{"line":60,"column":42},"end":{"line":79,"column":null}},{"start":{},"end":{}}],"line":60},"2":{"loc":{"start":{"line":8,"column":13},"end":{"line":8,"column":13}},"type":"binary-expr","locations":[{"start":{"line":8,"column":13},"end":{"line":8,"column":null}},{"start":{"line":8,"column":13},"end":{"line":8,"column":13}}],"line":8}},"s":{"0":0,"1":0,"2":0,"3":0,"4":0,"5":0,"6":0,"7":0,"8":0,"9":0,"10":0,"11":0,"12":0,"13":0,"14":0,"15":0,"16":0,"17":0,"18":0,"19":0,"20":0,"21":0},"f":{"0":0,"1":0,"2":0,"3":0,"4":0,"5":0,"6":0,"7":0,"8":0,"9":0},"b":{"0":[0,0],"1":[0,0],"2":[0,0]},"meta":{"lastBranch":0,"lastFunction":0,"lastStatement":0,"seen":{}}}
,"/Volumes/Coding/Projects/Websites/mycommerce/frontend/mainsite/app/pages/mentions-legales.vue": {"path":"/Volumes/Coding/Projects/Websites/mycommerce/frontend/mainsite/app/pages/mentions-legales.vue","statementMap":{},"fnMap":{},"branchMap":{},"s":{},"f":{},"b":{},"meta":{"lastBranch":0,"lastFunction":0,"lastStatement":0,"seen":{}}}
,"/Volumes/Coding/Projects/Websites/mycommerce/frontend/mainsite/app/pages/testing.vue": {"path":"/Volumes/Coding/Projects/Websites/mycommerce/frontend/mainsite/app/pages/testing.vue","statementMap":{},"fnMap":{},"branchMap":{},"s":{},"f":{},"b":{},"meta":{"lastBranch":0,"lastFunction":0,"lastStatement":0,"seen":{}}}
,"/Volumes/Coding/Projects/Websites/mycommerce/frontend/mainsite/app/pages/wishlist.vue": {"path":"/Volumes/Coding/Projects/Websites/mycommerce/frontend/mainsite/app/pages/wishlist.vue","statementMap":{},"fnMap":{},"branchMap":{},"s":{},"f":{},"b":{},"meta":{"lastBranch":0,"lastFunction":0,"lastStatement":0,"seen":{}}}
,"/Volumes/Coding/Projects/Websites/mycommerce/frontend/mainsite/app/pages/account/index.vue": {"path":"/Volumes/Coding/Projects/Websites/mycommerce/frontend/mainsite/app/pages/account/index.vue","statementMap":{},"fnMap":{},"branchMap":{},"s":{},"f":{},"b":{},"meta":{"lastBranch":0,"lastFunction":0,"lastStatement":0,"seen":{}}}
,"/Volumes/Coding/Projects/Websites/mycommerce/frontend/mainsite/app/pages/account/orders.vue": {"path":"/Volumes/Coding/Projects/Websites/mycommerce/frontend/mainsite/app/pages/account/orders.vue","statementMap":{},"fnMap":{},"branchMap":{},"s":{},"f":{},"b":{},"meta":{"lastBranch":0,"lastFunction":0,"lastStatement":0,"seen":{}}}
,"/Volumes/Coding/Projects/Websites/mycommerce/frontend/mainsite/app/pages/cart/index.vue": {"path":"/Volumes/Coding/Projects/Websites/mycommerce/frontend/mainsite/app/pages/cart/index.vue","statementMap":{},"fnMap":{},"branchMap":{},"s":{},"f":{},"b":{},"meta":{"lastBranch":0,"lastFunction":0,"lastStatement":0,"seen":{}}}
,"/Volumes/Coding/Projects/Websites/mycommerce/frontend/mainsite/app/pages/cart/payment.vue": {"path":"/Volumes/Coding/Projects/Websites/mycommerce/frontend/mainsite/app/pages/cart/payment.vue","statementMap":{},"fnMap":{},"branchMap":{},"s":{},"f":{},"b":{},"meta":{"lastBranch":0,"lastFunction":0,"lastStatement":0,"seen":{}}}
,"/Volumes/Coding/Projects/Websites/mycommerce/frontend/mainsite/app/pages/cart/shipment.vue": {"path":"/Volumes/Coding/Projects/Websites/mycommerce/frontend/mainsite/app/pages/cart/shipment.vue","statementMap":{},"fnMap":{},"branchMap":{},"s":{},"f":{},"b":{},"meta":{"lastBranch":0,"lastFunction":0,"lastStatement":0,"seen":{}}}
,"/Volumes/Coding/Projects/Websites/mycommerce/frontend/mainsite/app/pages/cart/success.vue": {"path":"/Volumes/Coding/Projects/Websites/mycommerce/frontend/mainsite/app/pages/cart/success.vue","statementMap":{},"fnMap":{},"branchMap":{},"s":{},"f":{},"b":{},"meta":{"lastBranch":0,"lastFunction":0,"lastStatement":0,"seen":{}}}
,"/Volumes/Coding/Projects/Websites/mycommerce/frontend/mainsite/app/pages/shop/[id].vue": {"path":"/Volumes/Coding/Projects/Websites/mycommerce/frontend/mainsite/app/pages/shop/[id].vue","statementMap":{},"fnMap":{},"branchMap":{},"s":{},"f":{},"b":{},"meta":{"lastBranch":0,"lastFunction":0,"lastStatement":0,"seen":{}}}
,"/Volumes/Coding/Projects/Websites/mycommerce/frontend/mainsite/app/pages/shop/collection/[id].vue": {"path":"/Volumes/Coding/Projects/Websites/mycommerce/frontend/mainsite/app/pages/shop/collection/[id].vue","statementMap":{},"fnMap":{},"branchMap":{},"s":{},"f":{},"b":{},"meta":{"lastBranch":0,"lastFunction":0,"lastStatement":0,"seen":{}}}
,"/Volumes/Coding/Projects/Websites/mycommerce/frontend/mainsite/app/plugins/01.cookie_consent.ts": {"path":"/Volumes/Coding/Projects/Websites/mycommerce/frontend/mainsite/app/plugins/01.cookie_consent.ts","statementMap":{},"fnMap":{"0":{"name":"(anonymous_0)","decl":{"start":{"line":5,"column":32},"end":{"line":5,"column":33}},"loc":{"start":{"line":5,"column":45},"end":{"line":11,"column":1}},"line":5}},"branchMap":{},"s":{},"f":{"0":6},"b":{},"meta":{"lastBranch":0,"lastFunction":1,"lastStatement":0,"seen":{"f:5:32:5:33":0}}}
,"/Volumes/Coding/Projects/Websites/mycommerce/frontend/mainsite/app/plugins/date.ts": {"path":"/Volumes/Coding/Projects/Websites/mycommerce/frontend/mainsite/app/plugins/date.ts","statementMap":{"0":{"start":{"line":10,"column":2},"end":{"line":10,"column":null}},"1":{"start":{"line":11,"column":2},"end":{"line":11,"column":null}},"2":{"start":{"line":12,"column":2},"end":{"line":12,"column":null}},"3":{"start":{"line":13,"column":2},"end":{"line":13,"column":null}},"4":{"start":{"line":14,"column":2},"end":{"line":14,"column":null}},"5":{"start":{"line":16,"column":2},"end":{"line":21,"column":null}}},"fnMap":{"0":{"name":"(anonymous_0)","decl":{"start":{"line":9,"column":32},"end":{"line":9,"column":43}},"loc":{"start":{"line":9,"column":43},"end":{"line":22,"column":1}},"line":9}},"branchMap":{},"s":{"0":6,"1":6,"2":6,"3":6,"4":6,"5":6},"f":{"0":6},"b":{},"meta":{"lastBranch":0,"lastFunction":1,"lastStatement":6,"seen":{"f:9:32:9:43":0,"s:10:2:10:Infinity":0,"s:11:2:11:Infinity":1,"s:12:2:12:Infinity":2,"s:13:2:13:Infinity":3,"s:14:2:14:Infinity":4,"s:16:2:21:Infinity":5}}}
,"/Volumes/Coding/Projects/Websites/mycommerce/frontend/mainsite/app/plugins/error_handling.ts": {"path":"/Volumes/Coding/Projects/Websites/mycommerce/frontend/mainsite/app/plugins/error_handling.ts","statementMap":{"0":{"start":{"line":2,"column":4},"end":{"line":7,"column":null}},"1":{"start":{"line":4,"column":8},"end":{"line":4,"column":null}}},"fnMap":{"0":{"name":"(anonymous_0)","decl":{"start":{"line":1,"column":32},"end":{"line":1,"column":43}},"loc":{"start":{"line":1,"column":43},"end":{"line":8,"column":1}},"line":1},"1":{"name":"(anonymous_1)","decl":{"start":{"line":2,"column":41},"end":{"line":2,"column":42}},"loc":{"start":{"line":2,"column":68},"end":{"line":7,"column":null}},"line":2}},"branchMap":{},"s":{"0":6,"1":0},"f":{"0":6,"1":0},"b":{},"meta":{"lastBranch":0,"lastFunction":2,"lastStatement":2,"seen":{"f:1:32:1:43":0,"s:2:4:7:Infinity":0,"f:2:41:2:42":1,"s:4:8:4:Infinity":1}}}
,"/Volumes/Coding/Projects/Websites/mycommerce/frontend/mainsite/app/plugins/fetch_client.ts": {"path":"/Volumes/Coding/Projects/Websites/mycommerce/frontend/mainsite/app/plugins/fetch_client.ts","statementMap":{"0":{"start":{"line":2,"column":8},"end":{"line":2,"column":null}},"1":{"start":{"line":3,"column":8},"end":{"line":3,"column":null}},"2":{"start":{"line":5,"column":17},"end":{"line":28,"column":null}},"3":{"start":{"line":8,"column":6},"end":{"line":8,"column":null}},"4":{"start":{"line":9,"column":6},"end":{"line":9,"column":null}},"5":{"start":{"line":10,"column":6},"end":{"line":12,"column":null}},"6":{"start":{"line":11,"column":8},"end":{"line":11,"column":null}},"7":{"start":{"line":15,"column":6},"end":{"line":26,"column":null}},"8":{"start":{"line":16,"column":8},"end":{"line":16,"column":null}},"9":{"start":{"line":18,"column":8},"end":{"line":25,"column":null}},"10":{"start":{"line":19,"column":40},"end":{"line":19,"column":null}},"11":{"start":{"line":21,"column":10},"end":{"line":21,"column":null}},"12":{"start":{"line":23,"column":10},"end":{"line":23,"column":null}},"13":{"start":{"line":24,"column":10},"end":{"line":24,"column":null}},"14":{"start":{"line":24,"column":39},"end":{"line":24,"column":60}},"15":{"start":{"line":30,"column":21},"end":{"line":35,"column":null}},"16":{"start":{"line":33,"column":6},"end":{"line":33,"column":null}},"17":{"start":{"line":37,"column":2},"end":{"line":42,"column":null}}},"fnMap":{"0":{"name":"(anonymous_0)","decl":{"start":{"line":1,"column":32},"end":{"line":1,"column":38}},"loc":{"start":{"line":1,"column":49},"end":{"line":43,"column":1}},"line":1},"1":{"name":"(anonymous_1)","decl":{"start":{"line":7,"column":4},"end":{"line":7,"column":14}},"loc":{"start":{"line":7,"column":27},"end":{"line":13,"column":null}},"line":7},"2":{"name":"(anonymous_2)","decl":{"start":{"line":14,"column":10},"end":{"line":14,"column":26}},"loc":{"start":{"line":14,"column":40},"end":{"line":27,"column":null}},"line":14},"3":{"name":"(anonymous_3)","decl":{"start":{"line":24,"column":39},"end":{"line":24,"column":45}},"loc":{"start":{"line":24,"column":39},"end":{"line":24,"column":60}},"line":24},"4":{"name":"(anonymous_4)","decl":{"start":{"line":32,"column":4},"end":{"line":32,"column":14}},"loc":{"start":{"line":32,"column":27},"end":{"line":34,"column":null}},"line":32}},"branchMap":{"0":{"loc":{"start":{"line":8,"column":35},"end":{"line":8,"column":72}},"type":"cond-expr","locations":[{"start":{"line":8,"column":44},"end":{"line":8,"column":70}},{"start":{"line":8,"column":70},"end":{"line":8,"column":72}}],"line":8},"1":{"loc":{"start":{"line":10,"column":6},"end":{"line":12,"column":null}},"type":"if","locations":[{"start":{"line":10,"column":6},"end":{"line":12,"column":null}},{"start":{},"end":{}}],"line":10},"2":{"loc":{"start":{"line":15,"column":6},"end":{"line":26,"column":null}},"type":"if","locations":[{"start":{"line":15,"column":6},"end":{"line":26,"column":null}},{"start":{},"end":{}}],"line":15},"3":{"loc":{"start":{"line":18,"column":8},"end":{"line":25,"column":null}},"type":"if","locations":[{"start":{"line":18,"column":8},"end":{"line":25,"column":null}},{"start":{"line":22,"column":15},"end":{"line":25,"column":null}}],"line":18}},"s":{"0":6,"1":6,"2":6,"3":0,"4":0,"5":0,"6":0,"7":0,"8":0,"9":0,"10":0,"11":0,"12":0,"13":0,"14":0,"15":6,"16":0,"17":6},"f":{"0":6,"1":0,"2":0,"3":0,"4":0},"b":{"0":[0,0],"1":[0,0],"2":[0,0],"3":[0,0]},"meta":{"lastBranch":4,"lastFunction":5,"lastStatement":18,"seen":{"f:1:32:1:38":0,"s:2:8:2:Infinity":0,"s:3:8:3:Infinity":1,"s:5:17:28:Infinity":2,"f:7:4:7:14":1,"s:8:6:8:Infinity":3,"b:8:44:8:70:8:70:8:72":0,"s:9:6:9:Infinity":4,"b:10:6:12:Infinity:undefined:undefined:undefined:undefined":1,"s:10:6:12:Infinity":5,"s:11:8:11:Infinity":6,"f:14:10:14:26":2,"b:15:6:26:Infinity:undefined:undefined:undefined:undefined":2,"s:15:6:26:Infinity":7,"s:16:8:16:Infinity":8,"b:18:8:25:Infinity:22:15:25:Infinity":3,"s:18:8:25:Infinity":9,"s:19:40:19:Infinity":10,"s:21:10:21:Infinity":11,"s:23:10:23:Infinity":12,"s:24:10:24:Infinity":13,"f:24:39:24:45":3,"s:24:39:24:60":14,"s:30:21:35:Infinity":15,"f:32:4:32:14":4,"s:33:6:33:Infinity":16,"s:37:2:42:Infinity":17}}}
,"/Volumes/Coding/Projects/Websites/mycommerce/frontend/mainsite/app/plugins/primevue.ts": {"path":"/Volumes/Coding/Projects/Websites/mycommerce/frontend/mainsite/app/plugins/primevue.ts","statementMap":{"0":{"start":{"line":4,"column":2},"end":{"line":6,"column":null}}},"fnMap":{"0":{"name":"(anonymous_0)","decl":{"start":{"line":3,"column":32},"end":{"line":3,"column":33}},"loc":{"start":{"line":3,"column":45},"end":{"line":7,"column":1}},"line":3}},"branchMap":{},"s":{"0":6},"f":{"0":6},"b":{},"meta":{"lastBranch":0,"lastFunction":1,"lastStatement":1,"seen":{"f:3:32:3:33":0,"s:4:2:6:Infinity":0}}}
,"/Volumes/Coding/Projects/Websites/mycommerce/frontend/mainsite/app/utils/index.ts": {"path":"/Volumes/Coding/Projects/Websites/mycommerce/frontend/mainsite/app/utils/index.ts","statementMap":{"0":{"start":{"line":8,"column":2},"end":{"line":8,"column":null}},"1":{"start":{"line":15,"column":2},"end":{"line":15,"column":null}},"2":{"start":{"line":24,"column":8},"end":{"line":24,"column":null}},"3":{"start":{"line":25,"column":17},"end":{"line":25,"column":null}},"4":{"start":{"line":25,"column":27},"end":{"line":25,"column":70}},"5":{"start":{"line":26,"column":2},"end":{"line":26,"column":null}}},"fnMap":{"0":{"name":"inProduction","decl":{"start":{"line":7,"column":16},"end":{"line":7,"column":31}},"loc":{"start":{"line":7,"column":31},"end":{"line":9,"column":null}},"line":7},"1":{"name":"scrollToTop","decl":{"start":{"line":14,"column":16},"end":{"line":14,"column":30}},"loc":{"start":{"line":14,"column":30},"end":{"line":16,"column":null}},"line":14},"2":{"name":"createElementId","decl":{"start":{"line":23,"column":16},"end":{"line":23,"column":32}},"loc":{"start":{"line":23,"column":146},"end":{"line":27,"column":null}},"line":23},"3":{"name":"(anonymous_3)","decl":{"start":{"line":25,"column":27},"end":{"line":25,"column":33}},"loc":{"start":{"line":25,"column":27},"end":{"line":25,"column":70}},"line":25}},"branchMap":{"0":{"loc":{"start":{"line":23,"column":83},"end":{"line":23,"column":133}},"type":"default-arg","locations":[{"start":{"line":23,"column":129},"end":{"line":23,"column":133}}],"line":23},"1":{"loc":{"start":{"line":23,"column":133},"end":{"line":23,"column":146}},"type":"default-arg","locations":[{"start":{"line":23,"column":140},"end":{"line":23,"column":146}}],"line":23},"2":{"loc":{"start":{"line":24,"column":17},"end":{"line":24,"column":29}},"type":"binary-expr","locations":[{"start":{"line":24,"column":17},"end":{"line":24,"column":25}},{"start":{"line":24,"column":25},"end":{"line":24,"column":29}}],"line":24},"3":{"loc":{"start":{"line":25,"column":33},"end":{"line":25,"column":42}},"type":"binary-expr","locations":[{"start":{"line":25,"column":33},"end":{"line":25,"column":38}},{"start":{"line":25,"column":38},"end":{"line":25,"column":42}}],"line":25}},"s":{"0":0,"1":0,"2":0,"3":0,"4":0,"5":0},"f":{"0":0,"1":0,"2":0,"3":0},"b":{"0":[0],"1":[0],"2":[0,0],"3":[0,0]},"meta":{"lastBranch":4,"lastFunction":4,"lastStatement":6,"seen":{"f:7:16:7:31":0,"s:8:2:8:Infinity":0,"f:14:16:14:30":1,"s:15:2:15:Infinity":1,"f:23:16:23:32":2,"b:23:129:23:133":0,"b:23:140:23:146":1,"s:24:8:24:Infinity":2,"b:24:17:24:25:24:25:24:29":2,"s:25:17:25:Infinity":3,"f:25:27:25:33":3,"s:25:27:25:70":4,"b:25:33:25:38:25:38:25:42":3,"s:26:2:26:Infinity":5}}}
,"/Volumes/Coding/Projects/Websites/mycommerce/frontend/mainsite/i18n/i18n.config.ts": {"path":"/Volumes/Coding/Projects/Websites/mycommerce/frontend/mainsite/i18n/i18n.config.ts","statementMap":{"0":{"start":{"line":1,"column":22},"end":{"line":41,"column":null}}},"fnMap":{"0":{"name":"(anonymous_0)","decl":{"start":{"line":1,"column":15},"end":{"line":1,"column":22}},"loc":{"start":{"line":1,"column":22},"end":{"line":41,"column":null}},"line":1}},"branchMap":{},"s":{"0":6},"f":{"0":6},"b":{},"meta":{"lastBranch":0,"lastFunction":1,"lastStatement":1,"seen":{"f:1:15:1:22":0,"s:1:22:41:Infinity":0}}}
,"/Volumes/Coding/Projects/Websites/mycommerce/frontend/mainsite/i18n/locales/en-US.ts": {"path":"/Volumes/Coding/Projects/Websites/mycommerce/frontend/mainsite/i18n/locales/en-US.ts","statementMap":{},"fnMap":{},"branchMap":{},"s":{},"f":{},"b":{},"meta":{"lastBranch":0,"lastFunction":0,"lastStatement":0,"seen":{}}}
,"/Volumes/Coding/Projects/Websites/mycommerce/frontend/mainsite/layers/base/app/composables/errors.ts": {"path":"/Volumes/Coding/Projects/Websites/mycommerce/frontend/mainsite/layers/base/app/composables/errors.ts","statementMap":{"0":{"start":{"line":15,"column":2},"end":{"line":22,"column":null}},"1":{"start":{"line":16,"column":4},"end":{"line":21,"column":null}},"2":{"start":{"line":18,"column":8},"end":{"line":18,"column":null}},"3":{"start":{"line":24,"column":17},"end":{"line":24,"column":null}},"4":{"start":{"line":27,"column":8},"end":{"line":27,"column":null}},"5":{"start":{"line":30,"column":4},"end":{"line":33,"column":null}},"6":{"start":{"line":38,"column":25},"end":{"line":38,"column":null}},"7":{"start":{"line":40,"column":4},"end":{"line":40,"column":null}},"8":{"start":{"line":42,"column":4},"end":{"line":45,"column":null}},"9":{"start":{"line":49,"column":4},"end":{"line":49,"column":null}},"10":{"start":{"line":53,"column":4},"end":{"line":53,"column":null}},"11":{"start":{"line":57,"column":4},"end":{"line":57,"column":null}},"12":{"start":{"line":61,"column":4},"end":{"line":61,"column":null}},"13":{"start":{"line":65,"column":4},"end":{"line":65,"column":null}},"14":{"start":{"line":69,"column":4},"end":{"line":69,"column":null}},"15":{"start":{"line":71,"column":4},"end":{"line":71,"column":null}},"16":{"start":{"line":76,"column":4},"end":{"line":102,"column":null}},"17":{"start":{"line":77,"column":6},"end":{"line":95,"column":null}},"18":{"start":{"line":79,"column":10},"end":{"line":79,"column":null}},"19":{"start":{"line":80,"column":10},"end":{"line":80,"column":null}},"20":{"start":{"line":82,"column":10},"end":{"line":82,"column":null}},"21":{"start":{"line":83,"column":10},"end":{"line":83,"column":null}},"22":{"start":{"line":85,"column":10},"end":{"line":85,"column":null}},"23":{"start":{"line":86,"column":10},"end":{"line":86,"column":null}},"24":{"start":{"line":88,"column":10},"end":{"line":88,"column":null}},"25":{"start":{"line":89,"column":10},"end":{"line":89,"column":null}},"26":{"start":{"line":91,"column":10},"end":{"line":91,"column":null}},"27":{"start":{"line":92,"column":10},"end":{"line":92,"column":null}},"28":{"start":{"line":94,"column":10},"end":{"line":94,"column":null}},"29":{"start":{"line":96,"column":4},"end":{"line":102,"column":null}},"30":{"start":{"line":98,"column":6},"end":{"line":98,"column":null}},"31":{"start":{"line":101,"column":6},"end":{"line":101,"column":null}},"32":{"start":{"line":105,"column":2},"end":{"line":119,"column":null}}},"fnMap":{"0":{"name":"useErrorHandler","decl":{"start":{"line":14,"column":16},"end":{"line":14,"column":34}},"loc":{"start":{"line":14,"column":34},"end":{"line":120,"column":null}},"line":14},"1":{"name":"(anonymous_1)","decl":{"start":{"line":17,"column":25},"end":{"line":17,"column":26}},"loc":{"start":{"line":17,"column":66},"end":{"line":19,"column":null}},"line":17},"2":{"name":"displayToast","decl":{"start":{"line":29,"column":11},"end":{"line":29,"column":24}},"loc":{"start":{"line":29,"column":97},"end":{"line":34,"column":null}},"line":29},"3":{"name":"handleBadRequest","decl":{"start":{"line":37,"column":11},"end":{"line":37,"column":28}},"loc":{"start":{"line":37,"column":47},"end":{"line":46,"column":null}},"line":37},"4":{"name":"handleUnauthorized","decl":{"start":{"line":48,"column":11},"end":{"line":48,"column":30}},"loc":{"start":{"line":48,"column":49},"end":{"line":50,"column":null}},"line":48},"5":{"name":"handleForbidden","decl":{"start":{"line":52,"column":11},"end":{"line":52,"column":27}},"loc":{"start":{"line":52,"column":46},"end":{"line":54,"column":null}},"line":52},"6":{"name":"handleNotFound","decl":{"start":{"line":56,"column":11},"end":{"line":56,"column":26}},"loc":{"start":{"line":56,"column":45},"end":{"line":58,"column":null}},"line":56},"7":{"name":"handleServerError","decl":{"start":{"line":60,"column":11},"end":{"line":60,"column":29}},"loc":{"start":{"line":60,"column":48},"end":{"line":62,"column":null}},"line":60},"8":{"name":"handleGenericError","decl":{"start":{"line":64,"column":11},"end":{"line":64,"column":30}},"loc":{"start":{"line":64,"column":44},"end":{"line":66,"column":null}},"line":64},"9":{"name":"handleUnknownError","decl":{"start":{"line":68,"column":11},"end":{"line":68,"column":30}},"loc":{"start":{"line":68,"column":46},"end":{"line":72,"column":null}},"line":68},"10":{"name":"customHandleError","decl":{"start":{"line":75,"column":11},"end":{"line":75,"column":29}},"loc":{"start":{"line":75,"column":45},"end":{"line":103,"column":null}},"line":75}},"branchMap":{"0":{"loc":{"start":{"line":15,"column":2},"end":{"line":22,"column":null}},"type":"if","locations":[{"start":{"line":15,"column":2},"end":{"line":22,"column":null}},{"start":{},"end":{}}],"line":15},"1":{"loc":{"start":{"line":38,"column":25},"end":{"line":38,"column":null}},"type":"binary-expr","locations":[{"start":{"line":38,"column":25},"end":{"line":38,"column":42}},{"start":{"line":38,"column":42},"end":{"line":38,"column":null}}],"line":38},"2":{"loc":{"start":{"line":76,"column":4},"end":{"line":102,"column":null}},"type":"if","locations":[{"start":{"line":76,"column":4},"end":{"line":102,"column":null}},{"start":{"line":96,"column":4},"end":{"line":102,"column":null}}],"line":76},"3":{"loc":{"start":{"line":77,"column":6},"end":{"line":95,"column":null}},"type":"switch","locations":[{"start":{"line":78,"column":8},"end":{"line":80,"column":null}},{"start":{"line":81,"column":8},"end":{"line":83,"column":null}},{"start":{"line":84,"column":8},"end":{"line":86,"column":null}},{"start":{"line":87,"column":8},"end":{"line":89,"column":null}},{"start":{"line":90,"column":8},"end":{"line":92,"column":null}},{"start":{"line":93,"column":8},"end":{"line":94,"column":null}}],"line":77},"4":{"loc":{"start":{"line":96,"column":4},"end":{"line":102,"column":null}},"type":"if","locations":[{"start":{"line":96,"column":4},"end":{"line":102,"column":null}},{"start":{"line":99,"column":11},"end":{"line":102,"column":null}}],"line":96}},"s":{"0":1,"1":0,"2":0,"3":1,"4":1,"5":0,"6":0,"7":0,"8":0,"9":0,"10":0,"11":0,"12":0,"13":0,"14":0,"15":0,"16":0,"17":0,"18":0,"19":0,"20":0,"21":0,"22":0,"23":0,"24":0,"25":0,"26":0,"27":0,"28":0,"29":0,"30":0,"31":0,"32":1},"f":{"0":1,"1":0,"2":0,"3":0,"4":0,"5":0,"6":0,"7":0,"8":0,"9":0,"10":0},"b":{"0":[0,1],"1":[0,0],"2":[0,0],"3":[0,0,0,0,0,0],"4":[0,0]},"meta":{"lastBranch":5,"lastFunction":11,"lastStatement":33,"seen":{"f:14:16:14:34":0,"b:15:2:22:Infinity:undefined:undefined:undefined:undefined":0,"s:15:2:22:Infinity":0,"s:16:4:21:Infinity":1,"f:17:25:17:26":1,"s:18:8:18:Infinity":2,"s:24:17:24:Infinity":3,"s:27:8:27:Infinity":4,"f:29:11:29:24":2,"s:30:4:33:Infinity":5,"f:37:11:37:28":3,"s:38:25:38:Infinity":6,"b:38:25:38:42:38:42:38:Infinity":1,"s:40:4:40:Infinity":7,"s:42:4:45:Infinity":8,"f:48:11:48:30":4,"s:49:4:49:Infinity":9,"f:52:11:52:27":5,"s:53:4:53:Infinity":10,"f:56:11:56:26":6,"s:57:4:57:Infinity":11,"f:60:11:60:29":7,"s:61:4:61:Infinity":12,"f:64:11:64:30":8,"s:65:4:65:Infinity":13,"f:68:11:68:30":9,"s:69:4:69:Infinity":14,"s:71:4:71:Infinity":15,"f:75:11:75:29":10,"b:76:4:102:Infinity:96:4:102:Infinity":2,"s:76:4:102:Infinity":16,"b:78:8:80:Infinity:81:8:83:Infinity:84:8:86:Infinity:87:8:89:Infinity:90:8:92:Infinity:93:8:94:Infinity":3,"s:77:6:95:Infinity":17,"s:79:10:79:Infinity":18,"s:80:10:80:Infinity":19,"s:82:10:82:Infinity":20,"s:83:10:83:Infinity":21,"s:85:10:85:Infinity":22,"s:86:10:86:Infinity":23,"s:88:10:88:Infinity":24,"s:89:10:89:Infinity":25,"s:91:10:91:Infinity":26,"s:92:10:92:Infinity":27,"s:94:10:94:Infinity":28,"b:96:4:102:Infinity:99:11:102:Infinity":4,"s:96:4:102:Infinity":29,"s:98:6:98:Infinity":30,"s:101:6:101:Infinity":31,"s:105:2:119:Infinity":32}}}
,"/Volumes/Coding/Projects/Websites/mycommerce/frontend/mainsite/layers/base/app/composables/business/base.ts": {"path":"/Volumes/Coding/Projects/Websites/mycommerce/frontend/mainsite/layers/base/app/composables/business/base.ts","statementMap":{"0":{"start":{"line":5,"column":48},"end":{"line":90,"column":null}},"1":{"start":{"line":98,"column":4},"end":{"line":98,"column":null}},"2":{"start":{"line":101,"column":8},"end":{"line":101,"column":null}},"3":{"start":{"line":102,"column":8},"end":{"line":102,"column":null}},"4":{"start":{"line":102,"column":39},"end":{"line":102,"column":86}},"5":{"start":{"line":105,"column":20},"end":{"line":105,"column":null}},"6":{"start":{"line":106,"column":4},"end":{"line":106,"column":null}},"7":{"start":{"line":110,"column":50},"end":{"line":118,"column":null}},"8":{"start":{"line":119,"column":4},"end":{"line":119,"column":null}},"9":{"start":{"line":122,"column":8},"end":{"line":125,"column":null}},"10":{"start":{"line":123,"column":20},"end":{"line":123,"column":null}},"11":{"start":{"line":124,"column":4},"end":{"line":124,"column":null}},"12":{"start":{"line":127,"column":8},"end":{"line":134,"column":null}},"13":{"start":{"line":128,"column":20},"end":{"line":128,"column":null}},"14":{"start":{"line":129,"column":4},"end":{"line":133,"column":null}},"15":{"start":{"line":130,"column":6},"end":{"line":130,"column":null}},"16":{"start":{"line":132,"column":6},"end":{"line":132,"column":null}},"17":{"start":{"line":137,"column":22},"end":{"line":137,"column":null}},"18":{"start":{"line":138,"column":4},"end":{"line":138,"column":null}},"19":{"start":{"line":141,"column":2},"end":{"line":189,"column":null}}},"fnMap":{"0":{"name":"useBusinessDetails","decl":{"start":{"line":96,"column":16},"end":{"line":96,"column":37}},"loc":{"start":{"line":96,"column":37},"end":{"line":190,"column":null}},"line":96},"1":{"name":"get","decl":{"start":{"line":97,"column":11},"end":{"line":97,"column":46}},"loc":{"start":{"line":97,"column":82},"end":{"line":99,"column":null}},"line":97},"2":{"name":"(anonymous_2)","decl":{"start":{"line":102,"column":33},"end":{"line":102,"column":39}},"loc":{"start":{"line":102,"column":39},"end":{"line":102,"column":86}},"line":102},"3":{"name":"getSocial","decl":{"start":{"line":104,"column":11},"end":{"line":104,"column":21}},"loc":{"start":{"line":104,"column":62},"end":{"line":107,"column":null}},"line":104},"4":{"name":"getSocialIcon","decl":{"start":{"line":109,"column":11},"end":{"line":109,"column":25}},"loc":{"start":{"line":109,"column":59},"end":{"line":120,"column":null}},"line":109},"5":{"name":"(anonymous_5)","decl":{"start":{"line":122,"column":27},"end":{"line":122,"column":33}},"loc":{"start":{"line":122,"column":33},"end":{"line":125,"column":3}},"line":122},"6":{"name":"(anonymous_6)","decl":{"start":{"line":127,"column":31},"end":{"line":127,"column":37}},"loc":{"start":{"line":127,"column":37},"end":{"line":134,"column":3}},"line":127},"7":{"name":"suffixLegalName","decl":{"start":{"line":136,"column":11},"end":{"line":136,"column":27}},"loc":{"start":{"line":136,"column":86},"end":{"line":139,"column":null}},"line":136}},"branchMap":{"0":{"loc":{"start":{"line":106,"column":11},"end":{"line":106,"column":null}},"type":"binary-expr","locations":[{"start":{"line":106,"column":11},"end":{"line":106,"column":32}},{"start":{"line":106,"column":32},"end":{"line":106,"column":null}}],"line":106},"1":{"loc":{"start":{"line":129,"column":4},"end":{"line":133,"column":null}},"type":"if","locations":[{"start":{"line":129,"column":4},"end":{"line":133,"column":null}},{"start":{"line":131,"column":11},"end":{"line":133,"column":null}}],"line":129},"2":{"loc":{"start":{"line":129,"column":4},"end":{"line":129,"column":58}},"type":"binary-expr","locations":[{"start":{"line":129,"column":4},"end":{"line":129,"column":34}},{"start":{"line":129,"column":29},"end":{"line":129,"column":58}}],"line":129},"3":{"loc":{"start":{"line":136,"column":51},"end":{"line":136,"column":86}},"type":"default-arg","locations":[{"start":{"line":136,"column":71},"end":{"line":136,"column":86}}],"line":136},"4":{"loc":{"start":{"line":138,"column":14},"end":{"line":138,"column":24}},"type":"binary-expr","locations":[{"start":{"line":138,"column":14},"end":{"line":138,"column":22}},{"start":{"line":138,"column":22},"end":{"line":138,"column":24}}],"line":138}},"s":{"0":1,"1":6,"2":3,"3":3,"4":0,"5":0,"6":0,"7":0,"8":0,"9":3,"10":0,"11":0,"12":3,"13":0,"14":0,"15":0,"16":0,"17":0,"18":0,"19":3},"f":{"0":3,"1":6,"2":0,"3":0,"4":0,"5":0,"6":0,"7":0},"b":{"0":[0,0],"1":[0,0],"2":[0,0],"3":[0],"4":[0,0]},"meta":{"lastBranch":5,"lastFunction":8,"lastStatement":20,"seen":{"s:5:48:90:Infinity":0,"f:96:16:96:37":0,"f:97:11:97:46":1,"s:98:4:98:Infinity":1,"s:101:8:101:Infinity":2,"s:102:8:102:Infinity":3,"f:102:33:102:39":2,"s:102:39:102:86":4,"f:104:11:104:21":3,"s:105:20:105:Infinity":5,"s:106:4:106:Infinity":6,"b:106:11:106:32:106:32:106:Infinity":0,"f:109:11:109:25":4,"s:110:50:118:Infinity":7,"s:119:4:119:Infinity":8,"s:122:8:125:Infinity":9,"f:122:27:122:33":5,"s:123:20:123:Infinity":10,"s:124:4:124:Infinity":11,"s:127:8:134:Infinity":12,"f:127:31:127:37":6,"s:128:20:128:Infinity":13,"b:129:4:133:Infinity:131:11:133:Infinity":1,"s:129:4:133:Infinity":14,"b:129:4:129:34:129:29:129:58":2,"s:130:6:130:Infinity":15,"s:132:6:132:Infinity":16,"f:136:11:136:27":7,"b:136:71:136:86":3,"s:137:22:137:Infinity":17,"s:138:4:138:Infinity":18,"b:138:14:138:22:138:22:138:24":4,"s:141:2:189:Infinity":19}}}
,"/Volumes/Coding/Projects/Websites/mycommerce/frontend/mainsite/layers/base/app/composables/business/working_hours.ts": {"path":"/Volumes/Coding/Projects/Websites/mycommerce/frontend/mainsite/layers/base/app/composables/business/working_hours.ts","statementMap":{"0":{"start":{"line":46,"column":4},"end":{"line":46,"column":null}},"1":{"start":{"line":47,"column":4},"end":{"line":47,"column":null}},"2":{"start":{"line":48,"column":4},"end":{"line":50,"column":null}},"3":{"start":{"line":49,"column":6},"end":{"line":49,"column":null}},"4":{"start":{"line":51,"column":4},"end":{"line":53,"column":null}},"5":{"start":{"line":52,"column":6},"end":{"line":52,"column":null}},"6":{"start":{"line":57,"column":4},"end":{"line":66,"column":null}},"7":{"start":{"line":59,"column":8},"end":{"line":59,"column":null}},"8":{"start":{"line":61,"column":8},"end":{"line":61,"column":null}},"9":{"start":{"line":63,"column":8},"end":{"line":63,"column":null}},"10":{"start":{"line":65,"column":8},"end":{"line":65,"column":null}},"11":{"start":{"line":70,"column":4},"end":{"line":78,"column":null}},"12":{"start":{"line":71,"column":6},"end":{"line":75,"column":null}},"13":{"start":{"line":71,"column":39},"end":{"line":75,"column":8}},"14":{"start":{"line":77,"column":6},"end":{"line":77,"column":null}},"15":{"start":{"line":82,"column":4},"end":{"line":86,"column":null}},"16":{"start":{"line":82,"column":40},"end":{"line":86,"column":6}},"17":{"start":{"line":90,"column":13},"end":{"line":107,"column":null}},"18":{"start":{"line":91,"column":19},"end":{"line":91,"column":null}},"19":{"start":{"line":93,"column":8},"end":{"line":93,"column":null}},"20":{"start":{"line":93,"column":37},"end":{"line":93,"column":61}},"21":{"start":{"line":94,"column":8},"end":{"line":94,"column":null}},"22":{"start":{"line":94,"column":30},"end":{"line":94,"column":69}},"23":{"start":{"line":94,"column":60},"end":{"line":94,"column":68}},"24":{"start":{"line":97,"column":4},"end":{"line":97,"column":null}},"25":{"start":{"line":97,"column":42},"end":{"line":97,"column":58}},"26":{"start":{"line":100,"column":8},"end":{"line":100,"column":null}},"27":{"start":{"line":102,"column":2},"end":{"line":106,"column":null}}},"fnMap":{"0":{"name":"(anonymous_0)","decl":{"start":{"line":45,"column":2},"end":{"line":45,"column":14}},"loc":{"start":{"line":45,"column":43},"end":{"line":54,"column":null}},"line":45},"1":{"name":"(anonymous_1)","decl":{"start":{"line":48,"column":40},"end":{"line":48,"column":41}},"loc":{"start":{"line":48,"column":49},"end":{"line":50,"column":5}},"line":48},"2":{"name":"(anonymous_2)","decl":{"start":{"line":51,"column":37},"end":{"line":51,"column":38}},"loc":{"start":{"line":51,"column":46},"end":{"line":53,"column":5}},"line":51},"3":{"name":"(anonymous_3)","decl":{"start":{"line":56,"column":6},"end":{"line":56,"column":38}},"loc":{"start":{"line":56,"column":38},"end":{"line":67,"column":null}},"line":56},"4":{"name":"(anonymous_4)","decl":{"start":{"line":69,"column":2},"end":{"line":69,"column":30}},"loc":{"start":{"line":69,"column":30},"end":{"line":79,"column":null}},"line":69},"5":{"name":"(anonymous_5)","decl":{"start":{"line":71,"column":31},"end":{"line":71,"column":39}},"loc":{"start":{"line":71,"column":39},"end":{"line":75,"column":8}},"line":71},"6":{"name":"(anonymous_6)","decl":{"start":{"line":81,"column":2},"end":{"line":81,"column":30}},"loc":{"start":{"line":81,"column":30},"end":{"line":87,"column":null}},"line":81},"7":{"name":"(anonymous_7)","decl":{"start":{"line":82,"column":32},"end":{"line":82,"column":40}},"loc":{"start":{"line":82,"column":40},"end":{"line":86,"column":6}},"line":82},"8":{"name":"(anonymous_8)","decl":{"start":{"line":90,"column":58},"end":{"line":90,"column":59}},"loc":{"start":{"line":90,"column":91},"end":{"line":107,"column":1}},"line":90},"9":{"name":"(anonymous_9)","decl":{"start":{"line":93,"column":31},"end":{"line":93,"column":37}},"loc":{"start":{"line":93,"column":37},"end":{"line":93,"column":61}},"line":93},"10":{"name":"(anonymous_10)","decl":{"start":{"line":94,"column":24},"end":{"line":94,"column":30}},"loc":{"start":{"line":94,"column":30},"end":{"line":94,"column":69}},"line":94},"11":{"name":"(anonymous_11)","decl":{"start":{"line":94,"column":52},"end":{"line":94,"column":60}},"loc":{"start":{"line":94,"column":60},"end":{"line":94,"column":68}},"line":94},"12":{"name":"_getDay","decl":{"start":{"line":96,"column":11},"end":{"line":96,"column":19}},"loc":{"start":{"line":96,"column":54},"end":{"line":98,"column":null}},"line":96},"13":{"name":"(anonymous_13)","decl":{"start":{"line":97,"column":34},"end":{"line":97,"column":42}},"loc":{"start":{"line":97,"column":42},"end":{"line":97,"column":58}},"line":97}},"branchMap":{"0":{"loc":{"start":{"line":49,"column":13},"end":{"line":49,"column":null}},"type":"binary-expr","locations":[{"start":{"line":49,"column":13},"end":{"line":49,"column":35}},{"start":{"line":49,"column":35},"end":{"line":49,"column":null}}],"line":49},"1":{"loc":{"start":{"line":52,"column":13},"end":{"line":52,"column":null}},"type":"binary-expr","locations":[{"start":{"line":52,"column":13},"end":{"line":52,"column":35}},{"start":{"line":52,"column":35},"end":{"line":52,"column":null}}],"line":52},"2":{"loc":{"start":{"line":57,"column":4},"end":{"line":66,"column":null}},"type":"switch","locations":[{"start":{"line":58,"column":6},"end":{"line":59,"column":null}},{"start":{"line":60,"column":6},"end":{"line":61,"column":null}},{"start":{"line":62,"column":6},"end":{"line":63,"column":null}},{"start":{"line":64,"column":6},"end":{"line":65,"column":null}}],"line":57},"3":{"loc":{"start":{"line":63,"column":15},"end":{"line":63,"column":null}},"type":"binary-expr","locations":[{"start":{"line":63,"column":15},"end":{"line":63,"column":42}},{"start":{"line":63,"column":42},"end":{"line":63,"column":null}}],"line":63},"4":{"loc":{"start":{"line":70,"column":4},"end":{"line":78,"column":null}},"type":"if","locations":[{"start":{"line":70,"column":4},"end":{"line":78,"column":null}},{"start":{"line":76,"column":11},"end":{"line":78,"column":null}}],"line":70}},"s":{"0":1,"1":1,"2":1,"3":7,"4":1,"5":7,"6":1,"7":1,"8":0,"9":0,"10":0,"11":0,"12":0,"13":0,"14":0,"15":1,"16":5,"17":1,"18":1,"19":1,"20":1,"21":1,"22":1,"23":5,"24":1,"25":1,"26":1,"27":1},"f":{"0":1,"1":7,"2":7,"3":1,"4":0,"5":0,"6":1,"7":5,"8":1,"9":1,"10":1,"11":5,"12":1,"13":1},"b":{"0":[7,6],"1":[7,6],"2":[1,0,0,0],"3":[0,0],"4":[0,0]},"meta":{"lastBranch":5,"lastFunction":14,"lastStatement":28,"seen":{"f:45:2:45:14":0,"s:46:4:46:Infinity":0,"s:47:4:47:Infinity":1,"s:48:4:50:Infinity":2,"f:48:40:48:41":1,"s:49:6:49:Infinity":3,"b:49:13:49:35:49:35:49:Infinity":0,"s:51:4:53:Infinity":4,"f:51:37:51:38":2,"s:52:6:52:Infinity":5,"b:52:13:52:35:52:35:52:Infinity":1,"f:56:6:56:38":3,"b:58:6:59:Infinity:60:6:61:Infinity:62:6:63:Infinity:64:6:65:Infinity":2,"s:57:4:66:Infinity":6,"s:59:8:59:Infinity":7,"s:61:8:61:Infinity":8,"s:63:8:63:Infinity":9,"b:63:15:63:42:63:42:63:Infinity":3,"s:65:8:65:Infinity":10,"f:69:2:69:30":4,"b:70:4:78:Infinity:76:11:78:Infinity":4,"s:70:4:78:Infinity":11,"s:71:6:75:Infinity":12,"f:71:31:71:39":5,"s:71:39:75:8":13,"s:77:6:77:Infinity":14,"f:81:2:81:30":6,"s:82:4:86:Infinity":15,"f:82:32:82:40":7,"s:82:40:86:6":16,"s:90:13:107:Infinity":17,"f:90:58:90:59":8,"s:91:19:91:Infinity":18,"s:93:8:93:Infinity":19,"f:93:31:93:37":9,"s:93:37:93:61":20,"s:94:8:94:Infinity":21,"f:94:24:94:30":10,"s:94:30:94:69":22,"f:94:52:94:60":11,"s:94:60:94:68":23,"f:96:11:96:19":12,"s:97:4:97:Infinity":24,"f:97:34:97:42":13,"s:97:42:97:58":25,"s:100:8:100:Infinity":26,"s:102:2:106:Infinity":27}}}
,"/Volumes/Coding/Projects/Websites/mycommerce/frontend/mainsite/layers/base/app/composables/use/grid.ts": {"path":"/Volumes/Coding/Projects/Websites/mycommerce/frontend/mainsite/layers/base/app/composables/use/grid.ts","statementMap":{"0":{"start":{"line":4,"column":13},"end":{"line":49,"column":null}},"1":{"start":{"line":5,"column":2},"end":{"line":48,"column":null}},"2":{"start":{"line":6,"column":4},"end":{"line":12,"column":null}},"3":{"start":{"line":16,"column":4},"end":{"line":19,"column":null}},"4":{"start":{"line":17,"column":6},"end":{"line":17,"column":null}},"5":{"start":{"line":18,"column":6},"end":{"line":18,"column":null}},"6":{"start":{"line":18,"column":20},"end":{"line":18,"column":null}},"7":{"start":{"line":14,"column":10},"end":{"line":14,"column":null}},"8":{"start":{"line":21,"column":10},"end":{"line":21,"column":null}},"9":{"start":{"line":21,"column":38},"end":{"line":21,"column":85}},"10":{"start":{"line":22,"column":10},"end":{"line":22,"column":null}},"11":{"start":{"line":22,"column":37},"end":{"line":22,"column":84}},"12":{"start":{"line":24,"column":10},"end":{"line":32,"column":null}},"13":{"start":{"line":25,"column":6},"end":{"line":31,"column":null}},"14":{"start":{"line":34,"column":4},"end":{"line":47,"column":null}}},"fnMap":{"0":{"name":"(anonymous_0)","decl":{"start":{"line":4,"column":51},"end":{"line":4,"column":57}},"loc":{"start":{"line":4,"column":57},"end":{"line":49,"column":1}},"line":4},"1":{"name":"(anonymous_1)","decl":{"start":{"line":11,"column":22},"end":{"line":11,"column":28}},"loc":{"start":{"line":11,"column":28},"end":{"line":11,"column":null}},"line":11},"2":{"name":"(anonymous_2)","decl":{"start":{"line":16,"column":4},"end":{"line":16,"column":13}},"loc":{"start":{"line":16,"column":65},"end":{"line":19,"column":null}},"line":16},"3":{"name":"(anonymous_3)","decl":{"start":{"line":21,"column":32},"end":{"line":21,"column":38}},"loc":{"start":{"line":21,"column":38},"end":{"line":21,"column":85}},"line":21},"4":{"name":"(anonymous_4)","decl":{"start":{"line":22,"column":31},"end":{"line":22,"column":37}},"loc":{"start":{"line":22,"column":37},"end":{"line":22,"column":84}},"line":22},"5":{"name":"(anonymous_5)","decl":{"start":{"line":24,"column":31},"end":{"line":24,"column":37}},"loc":{"start":{"line":24,"column":37},"end":{"line":32,"column":5}},"line":24}},"branchMap":{"0":{"loc":{"start":{"line":5,"column":2},"end":{"line":48,"column":null}},"type":"if","locations":[{"start":{"line":5,"column":2},"end":{"line":48,"column":null}},{"start":{"line":13,"column":9},"end":{"line":48,"column":null}}],"line":5},"1":{"loc":{"start":{"line":18,"column":6},"end":{"line":18,"column":null}},"type":"if","locations":[{"start":{"line":18,"column":6},"end":{"line":18,"column":null}},{"start":{},"end":{}}],"line":18},"2":{"loc":{"start":{"line":21,"column":38},"end":{"line":21,"column":85}},"type":"cond-expr","locations":[{"start":{"line":21,"column":68},"end":{"line":21,"column":78}},{"start":{"line":21,"column":78},"end":{"line":21,"column":85}}],"line":21},"3":{"loc":{"start":{"line":22,"column":37},"end":{"line":22,"column":84}},"type":"cond-expr","locations":[{"start":{"line":22,"column":67},"end":{"line":22,"column":77}},{"start":{"line":22,"column":77},"end":{"line":22,"column":84}}],"line":22}},"s":{"0":1,"1":1,"2":0,"3":1,"4":2,"5":2,"6":1,"7":1,"8":1,"9":0,"10":1,"11":0,"12":1,"13":0,"14":1},"f":{"0":1,"1":0,"2":2,"3":0,"4":0,"5":0},"b":{"0":[0,1],"1":[1,1],"2":[0,0],"3":[0,0]},"meta":{"lastBranch":4,"lastFunction":6,"lastStatement":15,"seen":{"s:4:13:49:Infinity":0,"f:4:51:4:57":0,"b:5:2:48:Infinity:13:9:48:Infinity":0,"s:5:2:48:Infinity":1,"s:6:4:12:Infinity":2,"f:11:22:11:28":1,"s:16:4:19:Infinity":3,"f:16:4:16:13":2,"s:17:6:17:Infinity":4,"b:18:6:18:Infinity:undefined:undefined:undefined:undefined":1,"s:18:6:18:Infinity":5,"s:18:20:18:Infinity":6,"s:14:10:14:Infinity":7,"s:21:10:21:Infinity":8,"f:21:32:21:38":3,"s:21:38:21:85":9,"b:21:68:21:78:21:78:21:85":2,"s:22:10:22:Infinity":10,"f:22:31:22:37":4,"s:22:37:22:84":11,"b:22:67:22:77:22:77:22:84":3,"s:24:10:32:Infinity":12,"f:24:31:24:37":5,"s:25:6:31:Infinity":13,"s:34:4:47:Infinity":14}}}
,"/Volumes/Coding/Projects/Websites/mycommerce/frontend/mainsite/layers/base/app/composables/use/session.ts": {"path":"/Volumes/Coding/Projects/Websites/mycommerce/frontend/mainsite/layers/base/app/composables/use/session.ts","statementMap":{"0":{"start":{"line":8,"column":27},"end":{"line":8,"column":null}},"1":{"start":{"line":10,"column":31},"end":{"line":10,"column":null}},"2":{"start":{"line":18,"column":8},"end":{"line":18,"column":null}},"3":{"start":{"line":19,"column":41},"end":{"line":19,"column":null}},"4":{"start":{"line":20,"column":33},"end":{"line":20,"column":null}},"5":{"start":{"line":22,"column":2},"end":{"line":30,"column":null}},"6":{"start":{"line":23,"column":4},"end":{"line":29,"column":null}},"7":{"start":{"line":32,"column":8},"end":{"line":32,"column":null}},"8":{"start":{"line":34,"column":8},"end":{"line":34,"column":null}},"9":{"start":{"line":35,"column":8},"end":{"line":35,"column":null}},"10":{"start":{"line":37,"column":8},"end":{"line":37,"column":null}},"11":{"start":{"line":38,"column":8},"end":{"line":38,"column":null}},"12":{"start":{"line":42,"column":4},"end":{"line":70,"column":null}},"13":{"start":{"line":43,"column":6},"end":{"line":43,"column":null}},"14":{"start":{"line":46,"column":6},"end":{"line":50,"column":null}},"15":{"start":{"line":47,"column":8},"end":{"line":47,"column":null}},"16":{"start":{"line":48,"column":8},"end":{"line":48,"column":null}},"17":{"start":{"line":49,"column":8},"end":{"line":49,"column":null}},"18":{"start":{"line":52,"column":22},"end":{"line":63,"column":null}},"19":{"start":{"line":53,"column":8},"end":{"line":62,"column":null}},"20":{"start":{"line":54,"column":16},"end":{"line":54,"column":null}},"21":{"start":{"line":55,"column":25},"end":{"line":55,"column":null}},"22":{"start":{"line":56,"column":10},"end":{"line":56,"column":null}},"23":{"start":{"line":58,"column":10},"end":{"line":58,"column":null}},"24":{"start":{"line":59,"column":10},"end":{"line":59,"column":null}},"25":{"start":{"line":61,"column":10},"end":{"line":61,"column":null}},"26":{"start":{"line":65,"column":6},"end":{"line":69,"column":null}},"27":{"start":{"line":66,"column":8},"end":{"line":68,"column":null}},"28":{"start":{"line":67,"column":10},"end":{"line":67,"column":null}},"29":{"start":{"line":75,"column":4},"end":{"line":118,"column":null}},"30":{"start":{"line":76,"column":22},"end":{"line":109,"column":null}},"31":{"start":{"line":77,"column":8},"end":{"line":77,"column":null}},"32":{"start":{"line":79,"column":8},"end":{"line":81,"column":null}},"33":{"start":{"line":80,"column":10},"end":{"line":80,"column":null}},"34":{"start":{"line":83,"column":8},"end":{"line":87,"column":null}},"35":{"start":{"line":84,"column":10},"end":{"line":84,"column":null}},"36":{"start":{"line":85,"column":10},"end":{"line":85,"column":null}},"37":{"start":{"line":86,"column":10},"end":{"line":86,"column":null}},"38":{"start":{"line":89,"column":8},"end":{"line":108,"column":null}},"39":{"start":{"line":90,"column":16},"end":{"line":90,"column":null}},"40":{"start":{"line":91,"column":29},"end":{"line":100,"column":null}},"41":{"start":{"line":101,"column":10},"end":{"line":101,"column":null}},"42":{"start":{"line":103,"column":10},"end":{"line":103,"column":null}},"43":{"start":{"line":104,"column":10},"end":{"line":104,"column":null}},"44":{"start":{"line":106,"column":10},"end":{"line":106,"column":null}},"45":{"start":{"line":107,"column":10},"end":{"line":107,"column":null}},"46":{"start":{"line":111,"column":6},"end":{"line":117,"column":null}},"47":{"start":{"line":112,"column":8},"end":{"line":114,"column":null}},"48":{"start":{"line":113,"column":10},"end":{"line":113,"column":null}},"49":{"start":{"line":116,"column":8},"end":{"line":116,"column":null}},"50":{"start":{"line":121,"column":2},"end":{"line":121,"column":null}},"51":{"start":{"line":123,"column":8},"end":{"line":123,"column":null}},"52":{"start":{"line":123,"column":26},"end":{"line":123,"column":78}},"53":{"start":{"line":125,"column":2},"end":{"line":162,"column":null}},"54":{"start":{"line":173,"column":13},"end":{"line":248,"column":null}},"55":{"start":{"line":174,"column":33},"end":{"line":174,"column":null}},"56":{"start":{"line":175,"column":41},"end":{"line":175,"column":null}},"57":{"start":{"line":177,"column":2},"end":{"line":185,"column":null}},"58":{"start":{"line":178,"column":4},"end":{"line":184,"column":null}},"59":{"start":{"line":187,"column":8},"end":{"line":187,"column":null}},"60":{"start":{"line":188,"column":8},"end":{"line":188,"column":null}},"61":{"start":{"line":190,"column":2},"end":{"line":192,"column":null}},"62":{"start":{"line":191,"column":4},"end":{"line":191,"column":null}},"63":{"start":{"line":194,"column":8},"end":{"line":194,"column":null}},"64":{"start":{"line":195,"column":8},"end":{"line":195,"column":null}},"65":{"start":{"line":197,"column":8},"end":{"line":200,"column":null}},"66":{"start":{"line":198,"column":4},"end":{"line":198,"column":null}},"67":{"start":{"line":198,"column":31},"end":{"line":198,"column":null}},"68":{"start":{"line":199,"column":4},"end":{"line":199,"column":null}},"69":{"start":{"line":202,"column":8},"end":{"line":205,"column":null}},"70":{"start":{"line":203,"column":4},"end":{"line":203,"column":null}},"71":{"start":{"line":203,"column":28},"end":{"line":203,"column":null}},"72":{"start":{"line":204,"column":4},"end":{"line":204,"column":null}},"73":{"start":{"line":207,"column":2},"end":{"line":207,"column":null}},"74":{"start":{"line":209,"column":2},"end":{"line":211,"column":null}},"75":{"start":{"line":209,"column":11},"end":{"line":209,"column":37}},"76":{"start":{"line":210,"column":4},"end":{"line":210,"column":null}},"77":{"start":{"line":217,"column":8},"end":{"line":217,"column":null}},"78":{"start":{"line":219,"column":2},"end":{"line":230,"column":null}},"79":{"start":{"line":219,"column":23},"end":{"line":219,"column":46}},"80":{"start":{"line":220,"column":4},"end":{"line":220,"column":null}},"81":{"start":{"line":220,"column":54},"end":{"line":220,"column":null}},"82":{"start":{"line":222,"column":4},"end":{"line":229,"column":null}},"83":{"start":{"line":223,"column":6},"end":{"line":223,"column":null}},"84":{"start":{"line":224,"column":6},"end":{"line":224,"column":null}},"85":{"start":{"line":226,"column":6},"end":{"line":226,"column":null}},"86":{"start":{"line":228,"column":6},"end":{"line":228,"column":null}},"87":{"start":{"line":234,"column":2},"end":{"line":238,"column":null}},"88":{"start":{"line":234,"column":14},"end":{"line":234,"column":37}},"89":{"start":{"line":235,"column":4},"end":{"line":237,"column":null}},"90":{"start":{"line":236,"column":6},"end":{"line":236,"column":null}},"91":{"start":{"line":240,"column":2},"end":{"line":247,"column":null}}},"fnMap":{"0":{"name":"useSetupSession","decl":{"start":{"line":17,"column":16},"end":{"line":17,"column":34}},"loc":{"start":{"line":17,"column":34},"end":{"line":163,"column":null}},"line":17},"1":{"name":"_createSession","decl":{"start":{"line":41,"column":17},"end":{"line":41,"column":34}},"loc":{"start":{"line":41,"column":34},"end":{"line":71,"column":null}},"line":41},"2":{"name":"(anonymous_2)","decl":{"start":{"line":42,"column":31},"end":{"line":42,"column":32}},"loc":{"start":{"line":42,"column":44},"end":{"line":70,"column":5}},"line":42},"3":{"name":"(anonymous_3)","decl":{"start":{"line":52,"column":22},"end":{"line":52,"column":34}},"loc":{"start":{"line":52,"column":34},"end":{"line":63,"column":null}},"line":52},"4":{"name":"(anonymous_4)","decl":{"start":{"line":65,"column":21},"end":{"line":65,"column":27}},"loc":{"start":{"line":65,"column":27},"end":{"line":69,"column":7}},"line":65},"5":{"name":"(anonymous_5)","decl":{"start":{"line":66,"column":33},"end":{"line":66,"column":39}},"loc":{"start":{"line":66,"column":39},"end":{"line":68,"column":9}},"line":66},"6":{"name":"_createCartSession","decl":{"start":{"line":74,"column":17},"end":{"line":74,"column":36}},"loc":{"start":{"line":74,"column":48},"end":{"line":119,"column":null}},"line":74},"7":{"name":"(anonymous_7)","decl":{"start":{"line":75,"column":33},"end":{"line":75,"column":34}},"loc":{"start":{"line":75,"column":46},"end":{"line":118,"column":5}},"line":75},"8":{"name":"(anonymous_8)","decl":{"start":{"line":76,"column":22},"end":{"line":76,"column":34}},"loc":{"start":{"line":76,"column":34},"end":{"line":109,"column":null}},"line":76},"9":{"name":"(anonymous_9)","decl":{"start":{"line":111,"column":21},"end":{"line":111,"column":27}},"loc":{"start":{"line":111,"column":27},"end":{"line":117,"column":7}},"line":111},"10":{"name":"(anonymous_10)","decl":{"start":{"line":123,"column":26},"end":{"line":123,"column":32}},"loc":{"start":{"line":123,"column":26},"end":{"line":123,"column":78}},"line":123},"11":{"name":"(anonymous_11)","decl":{"start":{"line":173,"column":44},"end":{"line":173,"column":50}},"loc":{"start":{"line":173,"column":50},"end":{"line":248,"column":1}},"line":173},"12":{"name":"(anonymous_12)","decl":{"start":{"line":197,"column":27},"end":{"line":197,"column":33}},"loc":{"start":{"line":197,"column":33},"end":{"line":200,"column":3}},"line":197},"13":{"name":"(anonymous_13)","decl":{"start":{"line":202,"column":28},"end":{"line":202,"column":34}},"loc":{"start":{"line":202,"column":34},"end":{"line":205,"column":3}},"line":202},"14":{"name":"(anonymous_14)","decl":{"start":{"line":209,"column":11},"end":{"line":209,"column":17}},"loc":{"start":{"line":209,"column":11},"end":{"line":209,"column":37}},"line":209},"15":{"name":"(anonymous_15)","decl":{"start":{"line":209,"column":37},"end":{"line":209,"column":43}},"loc":{"start":{"line":209,"column":43},"end":{"line":211,"column":3}},"line":209},"16":{"name":"(anonymous_16)","decl":{"start":{"line":219,"column":17},"end":{"line":219,"column":23}},"loc":{"start":{"line":219,"column":23},"end":{"line":219,"column":46}},"line":219},"17":{"name":"(anonymous_17)","decl":{"start":{"line":219,"column":46},"end":{"line":219,"column":53}},"loc":{"start":{"line":219,"column":68},"end":{"line":230,"column":5}},"line":219},"18":{"name":"(anonymous_18)","decl":{"start":{"line":234,"column":8},"end":{"line":234,"column":14}},"loc":{"start":{"line":234,"column":14},"end":{"line":234,"column":37}},"line":234},"19":{"name":"(anonymous_19)","decl":{"start":{"line":234,"column":37},"end":{"line":234,"column":38}},"loc":{"start":{"line":234,"column":51},"end":{"line":238,"column":3}},"line":234}},"branchMap":{"0":{"loc":{"start":{"line":22,"column":2},"end":{"line":30,"column":null}},"type":"if","locations":[{"start":{"line":22,"column":2},"end":{"line":30,"column":null}},{"start":{},"end":{}}],"line":22},"1":{"loc":{"start":{"line":46,"column":6},"end":{"line":50,"column":null}},"type":"if","locations":[{"start":{"line":46,"column":6},"end":{"line":50,"column":null}},{"start":{},"end":{}}],"line":46},"2":{"loc":{"start":{"line":46,"column":6},"end":{"line":46,"column":58}},"type":"binary-expr","locations":[{"start":{"line":46,"column":6},"end":{"line":46,"column":34}},{"start":{"line":46,"column":34},"end":{"line":46,"column":58}}],"line":46},"3":{"loc":{"start":{"line":79,"column":8},"end":{"line":81,"column":null}},"type":"if","locations":[{"start":{"line":79,"column":8},"end":{"line":81,"column":null}},{"start":{},"end":{}}],"line":79},"4":{"loc":{"start":{"line":79,"column":12},"end":{"line":79,"column":61}},"type":"binary-expr","locations":[{"start":{"line":79,"column":12},"end":{"line":79,"column":37}},{"start":{"line":79,"column":37},"end":{"line":79,"column":61}}],"line":79},"5":{"loc":{"start":{"line":83,"column":8},"end":{"line":87,"column":null}},"type":"if","locations":[{"start":{"line":83,"column":8},"end":{"line":87,"column":null}},{"start":{},"end":{}}],"line":83},"6":{"loc":{"start":{"line":83,"column":8},"end":{"line":83,"column":68}},"type":"binary-expr","locations":[{"start":{"line":83,"column":8},"end":{"line":83,"column":40}},{"start":{"line":83,"column":40},"end":{"line":83,"column":68}}],"line":83},"7":{"loc":{"start":{"line":112,"column":8},"end":{"line":114,"column":null}},"type":"if","locations":[{"start":{"line":112,"column":8},"end":{"line":114,"column":null}},{"start":{},"end":{}}],"line":112},"8":{"loc":{"start":{"line":123,"column":26},"end":{"line":123,"column":78}},"type":"binary-expr","locations":[{"start":{"line":123,"column":26},"end":{"line":123,"column":56}},{"start":{"line":123,"column":56},"end":{"line":123,"column":78}}],"line":123},"9":{"loc":{"start":{"line":177,"column":2},"end":{"line":185,"column":null}},"type":"if","locations":[{"start":{"line":177,"column":2},"end":{"line":185,"column":null}},{"start":{},"end":{}}],"line":177},"10":{"loc":{"start":{"line":190,"column":2},"end":{"line":192,"column":null}},"type":"if","locations":[{"start":{"line":190,"column":2},"end":{"line":192,"column":null}},{"start":{},"end":{}}],"line":190},"11":{"loc":{"start":{"line":198,"column":4},"end":{"line":198,"column":null}},"type":"if","locations":[{"start":{"line":198,"column":4},"end":{"line":198,"column":null}},{"start":{},"end":{}}],"line":198},"12":{"loc":{"start":{"line":203,"column":4},"end":{"line":203,"column":null}},"type":"if","locations":[{"start":{"line":203,"column":4},"end":{"line":203,"column":null}},{"start":{},"end":{}}],"line":203},"13":{"loc":{"start":{"line":220,"column":4},"end":{"line":220,"column":null}},"type":"if","locations":[{"start":{"line":220,"column":4},"end":{"line":220,"column":null}},{"start":{},"end":{}}],"line":220},"14":{"loc":{"start":{"line":220,"column":8},"end":{"line":220,"column":54}},"type":"binary-expr","locations":[{"start":{"line":220,"column":8},"end":{"line":220,"column":30}},{"start":{"line":220,"column":30},"end":{"line":220,"column":54}}],"line":220},"15":{"loc":{"start":{"line":235,"column":4},"end":{"line":237,"column":null}},"type":"if","locations":[{"start":{"line":235,"column":4},"end":{"line":237,"column":null}},{"start":{},"end":{}}],"line":235}},"s":{"0":1,"1":1,"2":0,"3":0,"4":0,"5":0,"6":0,"7":0,"8":0,"9":0,"10":0,"11":0,"12":0,"13":0,"14":0,"15":0,"16":0,"17":0,"18":0,"19":0,"20":0,"21":0,"22":0,"23":0,"24":0,"25":0,"26":0,"27":0,"28":0,"29":0,"30":0,"31":0,"32":0,"33":0,"34":0,"35":0,"36":0,"37":0,"38":0,"39":0,"40":0,"41":0,"42":0,"43":0,"44":0,"45":0,"46":0,"47":0,"48":0,"49":0,"50":0,"51":0,"52":0,"53":0,"54":1,"55":0,"56":0,"57":0,"58":0,"59":0,"60":0,"61":0,"62":0,"63":0,"64":0,"65":0,"66":0,"67":0,"68":0,"69":0,"70":0,"71":0,"72":0,"73":0,"74":0,"75":0,"76":0,"77":0,"78":0,"79":0,"80":0,"81":0,"82":0,"83":0,"84":0,"85":0,"86":0,"87":0,"88":0,"89":0,"90":0,"91":0},"f":{"0":0,"1":0,"2":0,"3":0,"4":0,"5":0,"6":0,"7":0,"8":0,"9":0,"10":0,"11":0,"12":0,"13":0,"14":0,"15":0,"16":0,"17":0,"18":0,"19":0},"b":{"0":[0,0],"1":[0,0],"2":[0,0],"3":[0,0],"4":[0,0],"5":[0,0],"6":[0,0],"7":[0,0],"8":[0,0],"9":[0,0],"10":[0,0],"11":[0,0],"12":[0,0],"13":[0,0],"14":[0,0],"15":[0,0]},"meta":{"lastBranch":16,"lastFunction":20,"lastStatement":92,"seen":{"s:8:27:8:Infinity":0,"s:10:31:10:Infinity":1,"f:17:16:17:34":0,"s:18:8:18:Infinity":2,"s:19:41:19:Infinity":3,"s:20:33:20:Infinity":4,"b:22:2:30:Infinity:undefined:undefined:undefined:undefined":0,"s:22:2:30:Infinity":5,"s:23:4:29:Infinity":6,"s:32:8:32:Infinity":7,"s:34:8:34:Infinity":8,"s:35:8:35:Infinity":9,"s:37:8:37:Infinity":10,"s:38:8:38:Infinity":11,"f:41:17:41:34":1,"s:42:4:70:Infinity":12,"f:42:31:42:32":2,"s:43:6:43:Infinity":13,"b:46:6:50:Infinity:undefined:undefined:undefined:undefined":1,"s:46:6:50:Infinity":14,"b:46:6:46:34:46:34:46:58":2,"s:47:8:47:Infinity":15,"s:48:8:48:Infinity":16,"s:49:8:49:Infinity":17,"s:52:22:63:Infinity":18,"f:52:22:52:34":3,"s:53:8:62:Infinity":19,"s:54:16:54:Infinity":20,"s:55:25:55:Infinity":21,"s:56:10:56:Infinity":22,"s:58:10:58:Infinity":23,"s:59:10:59:Infinity":24,"s:61:10:61:Infinity":25,"s:65:6:69:Infinity":26,"f:65:21:65:27":4,"s:66:8:68:Infinity":27,"f:66:33:66:39":5,"s:67:10:67:Infinity":28,"f:74:17:74:36":6,"s:75:4:118:Infinity":29,"f:75:33:75:34":7,"s:76:22:109:Infinity":30,"f:76:22:76:34":8,"s:77:8:77:Infinity":31,"b:79:8:81:Infinity:undefined:undefined:undefined:undefined":3,"s:79:8:81:Infinity":32,"b:79:12:79:37:79:37:79:61":4,"s:80:10:80:Infinity":33,"b:83:8:87:Infinity:undefined:undefined:undefined:undefined":5,"s:83:8:87:Infinity":34,"b:83:8:83:40:83:40:83:68":6,"s:84:10:84:Infinity":35,"s:85:10:85:Infinity":36,"s:86:10:86:Infinity":37,"s:89:8:108:Infinity":38,"s:90:16:90:Infinity":39,"s:91:29:100:Infinity":40,"s:101:10:101:Infinity":41,"s:103:10:103:Infinity":42,"s:104:10:104:Infinity":43,"s:106:10:106:Infinity":44,"s:107:10:107:Infinity":45,"s:111:6:117:Infinity":46,"f:111:21:111:27":9,"b:112:8:114:Infinity:undefined:undefined:undefined:undefined":7,"s:112:8:114:Infinity":47,"s:113:10:113:Infinity":48,"s:116:8:116:Infinity":49,"s:121:2:121:Infinity":50,"s:123:8:123:Infinity":51,"f:123:26:123:32":10,"s:123:26:123:78":52,"b:123:26:123:56:123:56:123:78":8,"s:125:2:162:Infinity":53,"s:173:13:248:Infinity":54,"f:173:44:173:50":11,"s:174:33:174:Infinity":55,"s:175:41:175:Infinity":56,"b:177:2:185:Infinity:undefined:undefined:undefined:undefined":9,"s:177:2:185:Infinity":57,"s:178:4:184:Infinity":58,"s:187:8:187:Infinity":59,"s:188:8:188:Infinity":60,"b:190:2:192:Infinity:undefined:undefined:undefined:undefined":10,"s:190:2:192:Infinity":61,"s:191:4:191:Infinity":62,"s:194:8:194:Infinity":63,"s:195:8:195:Infinity":64,"s:197:8:200:Infinity":65,"f:197:27:197:33":12,"b:198:4:198:Infinity:undefined:undefined:undefined:undefined":11,"s:198:4:198:Infinity":66,"s:198:31:198:Infinity":67,"s:199:4:199:Infinity":68,"s:202:8:205:Infinity":69,"f:202:28:202:34":13,"b:203:4:203:Infinity:undefined:undefined:undefined:undefined":12,"s:203:4:203:Infinity":70,"s:203:28:203:Infinity":71,"s:204:4:204:Infinity":72,"s:207:2:207:Infinity":73,"s:209:2:211:Infinity":74,"f:209:11:209:17":14,"s:209:11:209:37":75,"f:209:37:209:43":15,"s:210:4:210:Infinity":76,"s:217:8:217:Infinity":77,"s:219:2:230:Infinity":78,"f:219:17:219:23":16,"s:219:23:219:46":79,"f:219:46:219:53":17,"b:220:4:220:Infinity:undefined:undefined:undefined:undefined":13,"s:220:4:220:Infinity":80,"b:220:8:220:30:220:30:220:54":14,"s:220:54:220:Infinity":81,"s:222:4:229:Infinity":82,"s:223:6:223:Infinity":83,"s:224:6:224:Infinity":84,"s:226:6:226:Infinity":85,"s:228:6:228:Infinity":86,"s:234:2:238:Infinity":87,"f:234:8:234:14":18,"s:234:14:234:37":88,"f:234:37:234:38":19,"b:235:4:237:Infinity:undefined:undefined:undefined:undefined":15,"s:235:4:237:Infinity":89,"s:236:6:236:Infinity":90,"s:240:2:247:Infinity":91}}}
,"/Volumes/Coding/Projects/Websites/mycommerce/frontend/mainsite/layers/base/app/composables/use/size.ts": {"path":"/Volumes/Coding/Projects/Websites/mycommerce/frontend/mainsite/layers/base/app/composables/use/size.ts","statementMap":{"0":{"start":{"line":8,"column":13},"end":{"line":100,"column":null}},"1":{"start":{"line":9,"column":2},"end":{"line":19,"column":null}},"2":{"start":{"line":10,"column":4},"end":{"line":18,"column":null}},"3":{"start":{"line":17,"column":33},"end":{"line":17,"column":null}},"4":{"start":{"line":21,"column":8},"end":{"line":21,"column":null}},"5":{"start":{"line":22,"column":8},"end":{"line":22,"column":null}},"6":{"start":{"line":22,"column":40},"end":{"line":22,"column":67}},"7":{"start":{"line":24,"column":8},"end":{"line":24,"column":null}},"8":{"start":{"line":25,"column":8},"end":{"line":25,"column":null}},"9":{"start":{"line":25,"column":32},"end":{"line":25,"column":61}},"10":{"start":{"line":26,"column":18},"end":{"line":26,"column":null}},"11":{"start":{"line":29,"column":26},"end":{"line":29,"column":null}},"12":{"start":{"line":31,"column":4},"end":{"line":35,"column":null}},"13":{"start":{"line":32,"column":6},"end":{"line":32,"column":null}},"14":{"start":{"line":34,"column":6},"end":{"line":34,"column":null}},"15":{"start":{"line":38,"column":8},"end":{"line":38,"column":null}},"16":{"start":{"line":41,"column":4},"end":{"line":41,"column":null}},"17":{"start":{"line":52,"column":4},"end":{"line":58,"column":null}},"18":{"start":{"line":53,"column":6},"end":{"line":53,"column":null}},"19":{"start":{"line":54,"column":4},"end":{"line":58,"column":null}},"20":{"start":{"line":55,"column":6},"end":{"line":55,"column":null}},"21":{"start":{"line":57,"column":6},"end":{"line":57,"column":null}},"22":{"start":{"line":61,"column":8},"end":{"line":61,"column":null}},"23":{"start":{"line":63,"column":2},"end":{"line":99,"column":null}},"24":{"start":{"line":108,"column":27},"end":{"line":108,"column":null}},"25":{"start":{"line":109,"column":8},"end":{"line":109,"column":null}},"26":{"start":{"line":109,"column":30},"end":{"line":109,"column":107}},"27":{"start":{"line":111,"column":2},"end":{"line":113,"column":null}}},"fnMap":{"0":{"name":"(anonymous_0)","decl":{"start":{"line":8,"column":50},"end":{"line":8,"column":125}},"loc":{"start":{"line":8,"column":140},"end":{"line":100,"column":1}},"line":8},"1":{"name":"(anonymous_1)","decl":{"start":{"line":15,"column":18},"end":{"line":15,"column":24}},"loc":{"start":{"line":15,"column":24},"end":{"line":15,"column":null}},"line":15},"2":{"name":"(anonymous_2)","decl":{"start":{"line":16,"column":13},"end":{"line":16,"column":19}},"loc":{"start":{"line":16,"column":19},"end":{"line":16,"column":null}},"line":16},"3":{"name":"(anonymous_3)","decl":{"start":{"line":17,"column":19},"end":{"line":17,"column":20}},"loc":{"start":{"line":17,"column":33},"end":{"line":17,"column":null}},"line":17},"4":{"name":"(anonymous_4)","decl":{"start":{"line":22,"column":34},"end":{"line":22,"column":40}},"loc":{"start":{"line":22,"column":40},"end":{"line":22,"column":67}},"line":22},"5":{"name":"(anonymous_5)","decl":{"start":{"line":25,"column":32},"end":{"line":25,"column":38}},"loc":{"start":{"line":25,"column":32},"end":{"line":25,"column":61}},"line":25},"6":{"name":"_selectSize","decl":{"start":{"line":28,"column":11},"end":{"line":28,"column":23}},"loc":{"start":{"line":28,"column":32},"end":{"line":36,"column":null}},"line":28},"7":{"name":"reset","decl":{"start":{"line":40,"column":11},"end":{"line":40,"column":19}},"loc":{"start":{"line":40,"column":19},"end":{"line":42,"column":null}},"line":40},"8":{"name":"_buttonState","decl":{"start":{"line":51,"column":11},"end":{"line":51,"column":24}},"loc":{"start":{"line":51,"column":75},"end":{"line":59,"column":null}},"line":51},"9":{"name":"useSizeSelected","decl":{"start":{"line":107,"column":16},"end":{"line":107,"column":32}},"loc":{"start":{"line":107,"column":73},"end":{"line":114,"column":null}},"line":107},"10":{"name":"(anonymous_10)","decl":{"start":{"line":109,"column":30},"end":{"line":109,"column":36}},"loc":{"start":{"line":109,"column":30},"end":{"line":109,"column":107}},"line":109}},"branchMap":{"0":{"loc":{"start":{"line":9,"column":2},"end":{"line":19,"column":null}},"type":"if","locations":[{"start":{"line":9,"column":2},"end":{"line":19,"column":null}},{"start":{},"end":{}}],"line":9},"1":{"loc":{"start":{"line":29,"column":26},"end":{"line":29,"column":null}},"type":"binary-expr","locations":[{"start":{"line":29,"column":26},"end":{"line":29,"column":58}},{"start":{"line":29,"column":58},"end":{"line":29,"column":null}}],"line":29},"2":{"loc":{"start":{"line":31,"column":4},"end":{"line":35,"column":null}},"type":"if","locations":[{"start":{"line":31,"column":4},"end":{"line":35,"column":null}},{"start":{"line":33,"column":11},"end":{"line":35,"column":null}}],"line":31},"3":{"loc":{"start":{"line":52,"column":4},"end":{"line":58,"column":null}},"type":"if","locations":[{"start":{"line":52,"column":4},"end":{"line":58,"column":null}},{"start":{"line":54,"column":4},"end":{"line":58,"column":null}}],"line":52},"4":{"loc":{"start":{"line":52,"column":4},"end":{"line":52,"column":74}},"type":"binary-expr","locations":[{"start":{"line":52,"column":4},"end":{"line":52,"column":35}},{"start":{"line":52,"column":35},"end":{"line":52,"column":74}}],"line":52},"5":{"loc":{"start":{"line":54,"column":4},"end":{"line":58,"column":null}},"type":"if","locations":[{"start":{"line":54,"column":4},"end":{"line":58,"column":null}},{"start":{"line":56,"column":11},"end":{"line":58,"column":null}}],"line":54},"6":{"loc":{"start":{"line":54,"column":15},"end":{"line":54,"column":66}},"type":"binary-expr","locations":[{"start":{"line":54,"column":15},"end":{"line":54,"column":47}},{"start":{"line":54,"column":47},"end":{"line":54,"column":66}}],"line":54},"7":{"loc":{"start":{"line":109,"column":30},"end":{"line":109,"column":107}},"type":"cond-expr","locations":[{"start":{"line":109,"column":62},"end":{"line":109,"column":102}},{"start":{"line":109,"column":102},"end":{"line":109,"column":107}}],"line":109}},"s":{"0":1,"1":1,"2":0,"3":0,"4":1,"5":1,"6":0,"7":1,"8":1,"9":1,"10":1,"11":1,"12":1,"13":1,"14":0,"15":1,"16":0,"17":0,"18":0,"19":0,"20":0,"21":0,"22":1,"23":1,"24":0,"25":0,"26":0,"27":0},"f":{"0":1,"1":0,"2":0,"3":0,"4":0,"5":1,"6":1,"7":0,"8":0,"9":0,"10":0},"b":{"0":[0,1],"1":[1,1],"2":[1,0],"3":[0,0],"4":[0,0],"5":[0,0],"6":[0,0],"7":[0,0]},"meta":{"lastBranch":8,"lastFunction":11,"lastStatement":28,"seen":{"s:8:13:100:Infinity":0,"f:8:50:8:125":0,"b:9:2:19:Infinity:undefined:undefined:undefined:undefined":0,"s:9:2:19:Infinity":1,"s:10:4:18:Infinity":2,"f:15:18:15:24":1,"f:16:13:16:19":2,"f:17:19:17:20":3,"s:17:33:17:Infinity":3,"s:21:8:21:Infinity":4,"s:22:8:22:Infinity":5,"f:22:34:22:40":4,"s:22:40:22:67":6,"s:24:8:24:Infinity":7,"s:25:8:25:Infinity":8,"f:25:32:25:38":5,"s:25:32:25:61":9,"s:26:18:26:Infinity":10,"f:28:11:28:23":6,"s:29:26:29:Infinity":11,"b:29:26:29:58:29:58:29:Infinity":1,"b:31:4:35:Infinity:33:11:35:Infinity":2,"s:31:4:35:Infinity":12,"s:32:6:32:Infinity":13,"s:34:6:34:Infinity":14,"s:38:8:38:Infinity":15,"f:40:11:40:19":7,"s:41:4:41:Infinity":16,"f:51:11:51:24":8,"b:52:4:58:Infinity:54:4:58:Infinity":3,"s:52:4:58:Infinity":17,"b:52:4:52:35:52:35:52:74":4,"s:53:6:53:Infinity":18,"b:54:4:58:Infinity:56:11:58:Infinity":5,"s:54:4:58:Infinity":19,"b:54:15:54:47:54:47:54:66":6,"s:55:6:55:Infinity":20,"s:57:6:57:Infinity":21,"s:61:8:61:Infinity":22,"s:63:2:99:Infinity":23,"f:107:16:107:32":9,"s:108:27:108:Infinity":24,"s:109:8:109:Infinity":25,"f:109:30:109:36":10,"s:109:30:109:107":26,"b:109:62:109:102:109:102:109:107":7,"s:111:2:113:Infinity":27}}}
[...]
,"/Volumes/Coding/Projects/Websites/mycommerce/frontend/mainsite/layers/base/app/composables/use/product/index.ts": {"path":"/Volumes/Coding/Projects/Websites/mycommerce/frontend/mainsite/layers/base/app/composables/use/product/index.ts","statementMap":{"0":{"start":{"line":15,"column":8},"end":{"line":15,"column":null}},"1":{"start":{"line":15,"column":50},"end":{"line":15,"column":null}},"2":{"start":{"line":16,"column":8},"end":{"line":16,"column":null}},"3":{"start":{"line":16,"column":48},"end":{"line":16,"column":null}},"4":{"start":{"line":17,"column":8},"end":{"line":17,"column":null}},"5":{"start":{"line":17,"column":47},"end":{"line":17,"column":null}},"6":{"start":{"line":18,"column":8},"end":{"line":18,"column":null}},"7":{"start":{"line":18,"column":46},"end":{"line":18,"column":null}},"8":{"start":{"line":20,"column":55},"end":{"line":25,"column":null}},"9":{"start":{"line":27,"column":8},"end":{"line":27,"column":null}},"10":{"start":{"line":28,"column":8},"end":{"line":28,"column":null}},"11":{"start":{"line":28,"column":35},"end":{"line":28,"column":156}},"12":{"start":{"line":30,"column":2},"end":{"line":36,"column":null}},"13":{"start":{"line":44,"column":69},"end":{"line":84,"column":null}},"14":{"start":{"line":45,"column":13},"end":{"line":45,"column":null}},"15":{"start":{"line":47,"column":36},"end":{"line":56,"column":null}},"16":{"start":{"line":51,"column":6},"end":{"line":54,"column":null}},"17":{"start":{"line":58,"column":8},"end":{"line":58,"column":null}},"18":{"start":{"line":58,"column":35},"end":{"line":58,"column":61}},"19":{"start":{"line":59,"column":8},"end":{"line":59,"column":null}},"20":{"start":{"line":59,"column":34},"end":{"line":59,"column":104}},"21":{"start":{"line":60,"column":8},"end":{"line":60,"column":null}},"22":{"start":{"line":60,"column":36},"end":{"line":60,"column":114}},"23":{"start":{"line":62,"column":2},"end":{"line":83,"column":null}},"24":{"start":{"line":89,"column":16},"end":{"line":89,"column":null}},"25":{"start":{"line":90,"column":2},"end":{"line":92,"column":null}},"26":{"start":{"line":91,"column":4},"end":{"line":91,"column":null}},"27":{"start":{"line":93,"column":2},"end":{"line":93,"column":null}},"28":{"start":{"line":109,"column":13},"end":{"line":160,"column":null}},"29":{"start":{"line":110,"column":8},"end":{"line":110,"column":null}},"30":{"start":{"line":113,"column":4},"end":{"line":113,"column":null}},"31":{"start":{"line":117,"column":17},"end":{"line":125,"column":null}},"32":{"start":{"line":120,"column":8},"end":{"line":123,"column":null}},"33":{"start":{"line":127,"column":4},"end":{"line":127,"column":null}},"34":{"start":{"line":130,"column":8},"end":{"line":130,"column":null}},"35":{"start":{"line":130,"column":34},"end":{"line":130,"column":104}},"36":{"start":{"line":131,"column":8},"end":{"line":131,"column":null}},"37":{"start":{"line":131,"column":36},"end":{"line":131,"column":114}},"38":{"start":{"line":133,"column":2},"end":{"line":159,"column":null}}},"fnMap":{"0":{"name":"useImageComponentComposable","decl":{"start":{"line":14,"column":16},"end":{"line":14,"column":44}},"loc":{"start":{"line":14,"column":77},"end":{"line":37,"column":null}},"line":14},"1":{"name":"(anonymous_1)","decl":{"start":{"line":15,"column":44},"end":{"line":15,"column":50}},"loc":{"start":{"line":15,"column":50},"end":{"line":15,"column":null}},"line":15},"2":{"name":"(anonymous_2)","decl":{"start":{"line":16,"column":42},"end":{"line":16,"column":48}},"loc":{"start":{"line":16,"column":48},"end":{"line":16,"column":null}},"line":16},"3":{"name":"(anonymous_3)","decl":{"start":{"line":17,"column":41},"end":{"line":17,"column":47}},"loc":{"start":{"line":17,"column":47},"end":{"line":17,"column":null}},"line":17},"4":{"name":"(anonymous_4)","decl":{"start":{"line":18,"column":40},"end":{"line":18,"column":46}},"loc":{"start":{"line":18,"column":46},"end":{"line":18,"column":null}},"line":18},"5":{"name":"(anonymous_5)","decl":{"start":{"line":28,"column":35},"end":{"line":28,"column":52}},"loc":{"start":{"line":28,"column":35},"end":{"line":28,"column":156}},"line":28},"6":{"name":"(anonymous_6)","decl":{"start":{"line":44,"column":94},"end":{"line":44,"column":106}},"loc":{"start":{"line":44,"column":106},"end":{"line":84,"column":1}},"line":44},"7":{"name":"(anonymous_7)","decl":{"start":{"line":50,"column":4},"end":{"line":50,"column":20}},"loc":{"start":{"line":50,"column":31},"end":{"line":55,"column":null}},"line":50},"8":{"name":"(anonymous_8)","decl":{"start":{"line":58,"column":29},"end":{"line":58,"column":35}},"loc":{"start":{"line":58,"column":35},"end":{"line":58,"column":61}},"line":58},"9":{"name":"(anonymous_9)","decl":{"start":{"line":59,"column":34},"end":{"line":59,"column":40}},"loc":{"start":{"line":59,"column":34},"end":{"line":59,"column":104}},"line":59},"10":{"name":"(anonymous_10)","decl":{"start":{"line":60,"column":36},"end":{"line":60,"column":42}},"loc":{"start":{"line":60,"column":36},"end":{"line":60,"column":114}},"line":60},"11":{"name":"useProductDetailsComposableStore","decl":{"start":{"line":88,"column":16},"end":{"line":88,"column":51}},"loc":{"start":{"line":88,"column":51},"end":{"line":94,"column":null}},"line":88},"12":{"name":"(anonymous_12)","decl":{"start":{"line":109,"column":67},"end":{"line":109,"column":73}},"loc":{"start":{"line":109,"column":73},"end":{"line":160,"column":1}},"line":109},"13":{"name":"setProduct","decl":{"start":{"line":112,"column":11},"end":{"line":112,"column":22}},"loc":{"start":{"line":112,"column":47},"end":{"line":114,"column":null}},"line":112},"14":{"name":"fetchProduct","decl":{"start":{"line":116,"column":17},"end":{"line":116,"column":30}},"loc":{"start":{"line":116,"column":42},"end":{"line":128,"column":null}},"line":116},"15":{"name":"(anonymous_15)","decl":{"start":{"line":119,"column":6},"end":{"line":119,"column":22}},"loc":{"start":{"line":119,"column":33},"end":{"line":124,"column":null}},"line":119},"16":{"name":"(anonymous_16)","decl":{"start":{"line":130,"column":34},"end":{"line":130,"column":40}},"loc":{"start":{"line":130,"column":34},"end":{"line":130,"column":104}},"line":130},"17":{"name":"(anonymous_17)","decl":{"start":{"line":131,"column":36},"end":{"line":131,"column":42}},"loc":{"start":{"line":131,"column":36},"end":{"line":131,"column":114}},"line":131}},"branchMap":{"0":{"loc":{"start":{"line":28,"column":35},"end":{"line":28,"column":156}},"type":"cond-expr","locations":[{"start":{"line":28,"column":74},"end":{"line":28,"column":148}},{"start":{"line":28,"column":148},"end":{"line":28,"column":156}}],"line":28},"1":{"loc":{"start":{"line":28,"column":74},"end":{"line":28,"column":148}},"type":"binary-expr","locations":[{"start":{"line":28,"column":74},"end":{"line":28,"column":137}},{"start":{"line":28,"column":137},"end":{"line":28,"column":148}}],"line":28},"2":{"loc":{"start":{"line":59,"column":34},"end":{"line":59,"column":104}},"type":"cond-expr","locations":[{"start":{"line":59,"column":61},"end":{"line":59,"column":103}},{"start":{"line":59,"column":103},"end":{"line":59,"column":104}}],"line":59},"3":{"loc":{"start":{"line":60,"column":36},"end":{"line":60,"column":114}},"type":"cond-expr","locations":[{"start":{"line":60,"column":63},"end":{"line":60,"column":109}},{"start":{"line":60,"column":109},"end":{"line":60,"column":114}}],"line":60},"4":{"loc":{"start":{"line":90,"column":2},"end":{"line":92,"column":null}},"type":"if","locations":[{"start":{"line":90,"column":2},"end":{"line":92,"column":null}},{"start":{},"end":{}}],"line":90},"5":{"loc":{"start":{"line":130,"column":34},"end":{"line":130,"column":104}},"type":"cond-expr","locations":[{"start":{"line":130,"column":61},"end":{"line":130,"column":103}},{"start":{"line":130,"column":103},"end":{"line":130,"column":104}}],"line":130},"6":{"loc":{"start":{"line":131,"column":36},"end":{"line":131,"column":114}},"type":"cond-expr","locations":[{"start":{"line":131,"column":63},"end":{"line":131,"column":109}},{"start":{"line":131,"column":109},"end":{"line":131,"column":114}}],"line":131}},"s":{"0":0,"1":0,"2":0,"3":0,"4":0,"5":0,"6":0,"7":0,"8":0,"9":0,"10":0,"11":0,"12":0,"13":0,"14":0,"15":0,"16":0,"17":0,"18":0,"19":0,"20":0,"21":0,"22":0,"23":0,"24":0,"25":0,"26":0,"27":0,"28":0,"29":0,"30":0,"31":0,"32":0,"33":0,"34":0,"35":0,"36":0,"37":0,"38":0},"f":{"0":0,"1":0,"2":0,"3":0,"4":0,"5":0,"6":0,"7":0,"8":0,"9":0,"10":0,"11":0,"12":0,"13":0,"14":0,"15":0,"16":0,"17":0},"b":{"0":[0,0],"1":[0,0],"2":[0,0],"3":[0,0],"4":[0,0],"5":[0,0],"6":[0,0]},"meta":{"lastBranch":7,"lastFunction":18,"lastStatement":39,"seen":{"f:14:16:14:44":0,"s:15:8:15:Infinity":0,"f:15:44:15:50":1,"s:15:50:15:Infinity":1,"s:16:8:16:Infinity":2,"f:16:42:16:48":2,"s:16:48:16:Infinity":3,"s:17:8:17:Infinity":4,"f:17:41:17:47":3,"s:17:47:17:Infinity":5,"s:18:8:18:Infinity":6,"f:18:40:18:46":4,"s:18:46:18:Infinity":7,"s:20:55:25:Infinity":8,"s:27:8:27:Infinity":9,"s:28:8:28:Infinity":10,"f:28:35:28:52":5,"s:28:35:28:156":11,"b:28:74:28:148:28:148:28:156":0,"b:28:74:28:137:28:137:28:148":1,"s:30:2:36:Infinity":12,"s:44:69:84:Infinity":13,"f:44:94:44:106":6,"s:45:13:45:Infinity":14,"s:47:36:56:Infinity":15,"f:50:4:50:20":7,"s:51:6:54:Infinity":16,"s:58:8:58:Infinity":17,"f:58:29:58:35":8,"s:58:35:58:61":18,"s:59:8:59:Infinity":19,"f:59:34:59:40":9,"s:59:34:59:104":20,"b:59:61:59:103:59:103:59:104":2,"s:60:8:60:Infinity":21,"f:60:36:60:42":10,"s:60:36:60:114":22,"b:60:63:60:109:60:109:60:114":3,"s:62:2:83:Infinity":23,"f:88:16:88:51":11,"s:89:16:89:Infinity":24,"b:90:2:92:Infinity:undefined:undefined:undefined:undefined":4,"s:90:2:92:Infinity":25,"s:91:4:91:Infinity":26,"s:93:2:93:Infinity":27,"s:109:13:160:Infinity":28,"f:109:67:109:73":12,"s:110:8:110:Infinity":29,"f:112:11:112:22":13,"s:113:4:113:Infinity":30,"f:116:17:116:30":14,"s:117:17:125:Infinity":31,"f:119:6:119:22":15,"s:120:8:123:Infinity":32,"s:127:4:127:Infinity":33,"s:130:8:130:Infinity":34,"f:130:34:130:40":16,"s:130:34:130:104":35,"b:130:61:130:103:130:103:130:104":5,"s:131:8:131:Infinity":36,"f:131:36:131:42":17,"s:131:36:131:114":37,"b:131:63:131:109:131:109:131:114":6,"s:133:2:159:Infinity":38}}}
,"/Volumes/Coding/Projects/Websites/mycommerce/frontend/mainsite/layers/base/app/utils/__fixtures__/products/index.ts": {"path":"/Volumes/Coding/Projects/Websites/mycommerce/frontend/mainsite/layers/base/app/utils/__fixtures__/products/index.ts","statementMap":{"0":{"start":{"line":6,"column":43},"end":{"line":79,"column":null}},"1":{"start":{"line":81,"column":46},"end":{"line":87,"column":null}},"2":{"start":{"line":89,"column":54},"end":{"line":132,"column":null}},"3":{"start":{"line":135,"column":8},"end":{"line":135,"column":null}},"4":{"start":{"line":137,"column":2},"end":{"line":183,"column":null}},"5":{"start":{"line":138,"column":24},"end":{"line":138,"column":null}},"6":{"start":{"line":139,"column":23},"end":{"line":139,"column":null}},"7":{"start":{"line":141,"column":20},"end":{"line":141,"column":null}},"8":{"start":{"line":143,"column":4},"end":{"line":143,"column":null}},"9":{"start":{"line":144,"column":4},"end":{"line":144,"column":null}},"10":{"start":{"line":145,"column":4},"end":{"line":145,"column":null}},"11":{"start":{"line":146,"column":4},"end":{"line":146,"column":null}},"12":{"start":{"line":147,"column":4},"end":{"line":147,"column":null}},"13":{"start":{"line":148,"column":4},"end":{"line":148,"column":null}},"14":{"start":{"line":149,"column":4},"end":{"line":149,"column":null}},"15":{"start":{"line":150,"column":4},"end":{"line":150,"column":null}},"16":{"start":{"line":152,"column":4},"end":{"line":163,"column":null}},"17":{"start":{"line":153,"column":21},"end":{"line":161,"column":null}},"18":{"start":{"line":153,"column":53},"end":{"line":161,"column":21}},"19":{"start":{"line":162,"column":6},"end":{"line":162,"column":null}},"20":{"start":{"line":165,"column":4},"end":{"line":180,"column":null}},"21":{"start":{"line":182,"column":4},"end":{"line":182,"column":null}},"22":{"start":{"line":184,"column":2},"end":{"line":184,"column":null}}},"fnMap":{"0":{"name":"useGenerateProducts","decl":{"start":{"line":134,"column":16},"end":{"line":134,"column":36}},"loc":{"start":{"line":134,"column":62},"end":{"line":185,"column":null}},"line":134},"1":{"name":"(anonymous_1)","decl":{"start":{"line":137,"column":68},"end":{"line":137,"column":69}},"loc":{"start":{"line":137,"column":79},"end":{"line":183,"column":3}},"line":137},"2":{"name":"(anonymous_2)","decl":{"start":{"line":153,"column":36},"end":{"line":153,"column":37}},"loc":{"start":{"line":153,"column":53},"end":{"line":161,"column":21}},"line":153}},"branchMap":{"0":{"loc":{"start":{"line":134,"column":36},"end":{"line":134,"column":62}},"type":"default-arg","locations":[{"start":{"line":134,"column":44},"end":{"line":134,"column":62}}],"line":134},"1":{"loc":{"start":{"line":146,"column":29},"end":{"line":146,"column":null}},"type":"cond-expr","locations":[{"start":{"line":146,"column":54},"end":{"line":146,"column":100}},{"start":{"line":146,"column":100},"end":{"line":146,"column":null}}],"line":146},"2":{"loc":{"start":{"line":152,"column":4},"end":{"line":163,"column":null}},"type":"if","locations":[{"start":{"line":152,"column":4},"end":{"line":163,"column":null}},{"start":{},"end":{}}],"line":152}},"s":{"0":1,"1":1,"2":1,"3":0,"4":0,"5":0,"6":0,"7":0,"8":0,"9":0,"10":0,"11":0,"12":0,"13":0,"14":0,"15":0,"16":0,"17":0,"18":0,"19":0,"20":0,"21":0,"22":0},"f":{"0":0,"1":0,"2":0},"b":{"0":[0],"1":[0,0],"2":[0,0]},"meta":{"lastBranch":3,"lastFunction":3,"lastStatement":23,"seen":{"s:6:43:79:Infinity":0,"s:81:46:87:Infinity":1,"s:89:54:132:Infinity":2,"f:134:16:134:36":0,"b:134:44:134:62":0,"s:135:8:135:Infinity":3,"s:137:2:183:Infinity":4,"f:137:68:137:69":1,"s:138:24:138:Infinity":5,"s:139:23:139:Infinity":6,"s:141:20:141:Infinity":7,"s:143:4:143:Infinity":8,"s:144:4:144:Infinity":9,"s:145:4:145:Infinity":10,"s:146:4:146:Infinity":11,"b:146:54:146:100:146:100:146:Infinity":1,"s:147:4:147:Infinity":12,"s:148:4:148:Infinity":13,"s:149:4:149:Infinity":14,"s:150:4:150:Infinity":15,"b:152:4:163:Infinity:undefined:undefined:undefined:undefined":2,"s:152:4:163:Infinity":16,"s:153:21:161:Infinity":17,"f:153:36:153:37":2,"s:153:53:161:21":18,"s:162:6:162:Infinity":19,"s:165:4:180:Infinity":20,"s:182:4:182:Infinity":21,"s:184:2:184:Infinity":22}}}
,"/Volumes/Coding/Projects/Websites/mycommerce/frontend/mainsite/layers/base/app/utils/constants/filtering.ts": {"path":"/Volumes/Coding/Projects/Websites/mycommerce/frontend/mainsite/layers/base/app/utils/constants/filtering.ts","statementMap":{"0":{"start":{"line":5,"column":87},"end":{"line":9,"column":null}},"1":{"start":{"line":13,"column":34},"end":{"line":13,"column":null}},"2":{"start":{"line":17,"column":78},"end":{"line":42,"column":null}}},"fnMap":{},"branchMap":{},"s":{"0":1,"1":1,"2":1},"f":{},"b":{},"meta":{"lastBranch":0,"lastFunction":0,"lastStatement":3,"seen":{"s:5:87:9:Infinity":0,"s:13:34:13:Infinity":1,"s:17:78:42:Infinity":2}}}
,"/Volumes/Coding/Projects/Websites/mycommerce/frontend/mainsite/layers/base/app/utils/constants/footer.ts": {"path":"/Volumes/Coding/Projects/Websites/mycommerce/frontend/mainsite/layers/base/app/utils/constants/footer.ts","statementMap":{"0":{"start":{"line":13,"column":40},"end":{"line":103,"column":null}}},"fnMap":{},"branchMap":{},"s":{"0":1},"f":{},"b":{},"meta":{"lastBranch":0,"lastFunction":0,"lastStatement":1,"seen":{"s:13:40:103:Infinity":0}}}
,"/Volumes/Coding/Projects/Websites/mycommerce/frontend/mainsite/layers/base/app/utils/constants/graphs.ts": {"path":"/Volumes/Coding/Projects/Websites/mycommerce/frontend/mainsite/layers/base/app/utils/constants/graphs.ts","statementMap":{"0":{"start":{"line":1,"column":32},"end":{"line":1,"column":null}}},"fnMap":{},"branchMap":{},"s":{"0":1},"f":{},"b":{},"meta":{"lastBranch":0,"lastFunction":0,"lastStatement":1,"seen":{"s:1:32:1:Infinity":0}}}
,"/Volumes/Coding/Projects/Websites/mycommerce/frontend/mainsite/layers/base/app/utils/constants/index.ts": {"path":"/Volumes/Coding/Projects/Websites/mycommerce/frontend/mainsite/layers/base/app/utils/constants/index.ts","statementMap":{},"fnMap":{},"branchMap":{},"s":{},"f":{},"b":{},"meta":{"lastBranch":0,"lastFunction":0,"lastStatement":0,"seen":{}}}
,"/Volumes/Coding/Projects/Websites/mycommerce/frontend/mainsite/layers/base/app/utils/constants/language.ts": {"path":"/Volumes/Coding/Projects/Websites/mycommerce/frontend/mainsite/layers/base/app/utils/constants/language.ts","statementMap":{"0":{"start":{"line":3,"column":25},"end":{"line":8,"column":null}},"1":{"start":{"line":10,"column":32},"end":{"line":10,"column":null}}},"fnMap":{},"branchMap":{},"s":{"0":1,"1":1},"f":{},"b":{},"meta":{"lastBranch":0,"lastFunction":0,"lastStatement":2,"seen":{"s:3:25:8:Infinity":0,"s:10:32:10:Infinity":1}}}
,"/Volumes/Coding/Projects/Websites/mycommerce/frontend/mainsite/layers/base/app/utils/constants/session.ts": {"path":"/Volumes/Coding/Projects/Websites/mycommerce/frontend/mainsite/layers/base/app/utils/constants/session.ts","statementMap":{"0":{"start":{"line":3,"column":54},"end":{"line":34,"column":null}}},"fnMap":{},"branchMap":{},"s":{"0":1},"f":{},"b":{},"meta":{"lastBranch":0,"lastFunction":0,"lastStatement":1,"seen":{"s:3:54:34:Infinity":0}}}
,"/Volumes/Coding/Projects/Websites/mycommerce/frontend/mainsite/layers/base/app/utils/constants/symbols.ts": {"path":"/Volumes/Coding/Projects/Websites/mycommerce/frontend/mainsite/layers/base/app/utils/constants/symbols.ts","statementMap":{"0":{"start":{"line":1,"column":29},"end":{"line":1,"column":null}},"1":{"start":{"line":3,"column":30},"end":{"line":3,"column":null}},"2":{"start":{"line":5,"column":35},"end":{"line":5,"column":null}},"3":{"start":{"line":7,"column":30},"end":{"line":7,"column":null}},"4":{"start":{"line":9,"column":39},"end":{"line":9,"column":null}},"5":{"start":{"line":11,"column":37},"end":{"line":11,"column":null}}},"fnMap":{},"branchMap":{},"s":{"0":1,"1":1,"2":1,"3":1,"4":1,"5":1},"f":{},"b":{},"meta":{"lastBranch":0,"lastFunction":0,"lastStatement":6,"seen":{"s:1:29:1:Infinity":0,"s:3:30:3:Infinity":1,"s:5:35:5:Infinity":2,"s:7:30:7:Infinity":3,"s:9:39:9:Infinity":4,"s:11:37:11:Infinity":5}}}
}
